{"meta": {"format": 3, "version": "7.15.2", "timestamp": "2026-07-19T08:04:56.286221", "branch_coverage": false, "show_contexts": false}, "files": {"src\\__init__.py": {"executed_lines": [], "summary": {"covered_lines": 0, "num_statements": 0, "percent_covered": 100.0, "percent_covered_display": "100", "missing_lines": 0, "excluded_lines": 0, "percent_statements_covered": 100.0, "percent_statements_covered_display": "100"}, "missing_lines": [], "excluded_lines": [], "functions": {"": {"executed_lines": [], "summary": {"covered_lines": 0, "num_statements": 0, "percent_covered": 100.0, "percent_covered_display": "100", "missing_lines": 0, "excluded_lines": 0, "percent_statements_covered": 100.0, "percent_statements_covered_display": "100"}, "missing_lines": [], "excluded_lines": [], "start_line": 1}}, "classes": {"": {"executed_lines": [], "summary": {"covered_lines": 0, "num_statements": 0, "percent_covered": 100.0, "percent_covered_display": "100", "missing_lines": 0, "excluded_lines": 0, "percent_statements_covered": 100.0, "percent_statements_covered_display": "100"}, "missing_lines": [], "excluded_lines": [], "start_line": 1}}}, "src\\agents\\__init__.py": {"executed_lines": [], "summary": {"covered_lines": 0, "num_statements": 0, "percent_covered": 100.0, "percent_covered_display": "100", "missing_lines": 0, "excluded_lines": 0, "percent_statements_covered": 100.0, "percent_statements_covered_display": "100"}, "missing_lines": [], "excluded_lines": [], "functions": {"": {"executed_lines": [], "summary": {"covered_lines": 0, "num_statements": 0, "percent_covered": 100.0, "percent_covered_display": "100", "missing_lines": 0, "excluded_lines": 0, "percent_statements_covered": 100.0, "percent_statements_covered_display": "100"}, "missing_lines": [], "excluded_lines": [], "start_line": 1}}, "classes": {"": {"executed_lines": [], "summary": {"covered_lines": 0, "num_statements": 0, "percent_covered": 100.0, "percent_covered_display": "100", "missing_lines": 0, "excluded_lines": 0, "percent_statements_covered": 100.0, "percent_statements_covered_display": "100"}, "missing_lines": [], "excluded_lines": [], "start_line": 1}}}, "src\\agents\\graph.py": {"executed_lines": [1, 3, 5, 6, 7, 8, 9, 12, 14, 17, 18, 19, 23, 25, 28, 32, 33, 34, 58, 65, 66, 69, 70, 71, 72, 75, 78, 85, 87, 90, 94, 97], "summary": {"covered_lines": 32, "num_statements": 47, "percent_covered": 68.08510638297872, "percent_covered_display": "68", "missing_lines": 15, "excluded_lines": 0, "percent_statements_covered": 68.08510638297872, "percent_statements_covered_display": "68"}, "missing_lines": [15, 20, 26, 29, 35, 36, 38, 41, 42, 50, 52, 55, 60, 61, 62], "excluded_lines": [], "functions": {"should_continue": {"executed_lines": [14, 17, 18, 19], "summary": {"covered_lines": 4, "num_statements": 6, "percent_covered": 66.66666666666667, "percent_covered_display": "67", "missing_lines": 2, "excluded_lines": 0, "percent_statements_covered": 66.66666666666667, "percent_statements_covered_display": "67"}, "missing_lines": [15, 20], "excluded_lines": [], "start_line": 12}, "check_reflection": {"executed_lines": [25, 28, 32, 33, 34], "summary": {"covered_lines": 5, "num_statements": 15, "percent_covered": 33.333333333333336, "percent_covered_display": "33", "missing_lines": 10, "excluded_lines": 0, "percent_statements_covered": 33.333333333333336, "percent_statements_covered_display": "33"}, "missing_lines": [26, 29, 35, 36, 38, 41, 42, 50, 52, 55], "excluded_lines": [], "start_line": 23}, "check_feedback": {"executed_lines": [], "summary": {"covered_lines": 0, "num_statements": 3, "percent_covered": 0.0, "percent_covered_display": "0", "missing_lines": 3, "excluded_lines": 0, "percent_statements_covered": 0.0, "percent_statements_covered_display": "0"}, "missing_lines": [60, 61, 62], "excluded_lines": [], "start_line": 58}, "build_graph": {"executed_lines": [66, 69, 70, 71, 72, 75, 78, 85, 87, 90, 94], "summary": {"covered_lines": 11, "num_statements": 11, "percent_covered": 100.0, "percent_covered_display": "100", "missing_lines": 0, "excluded_lines": 0, "percent_statements_covered": 100.0, "percent_statements_covered_display": "100"}, "missing_lines": [], "excluded_lines": [], "start_line": 65}, "": {"executed_lines": [1, 3, 5, 6, 7, 8, 9, 12, 23, 58, 65, 97], "summary": {"covered_lines": 12, "num_statements": 12, "percent_covered": 100.0, "percent_covered_display": "100", "missing_lines": 0, "excluded_lines": 0, "percent_statements_covered": 100.0, "percent_statements_covered_display": "100"}, "missing_lines": [], "excluded_lines": [], "start_line": 1}}, "classes": {"": {"executed_lines": [1, 3, 5, 6, 7, 8, 9, 12, 14, 17, 18, 19, 23, 25, 28, 32, 33, 34, 58, 65, 66, 69, 70, 71, 72, 75, 78, 85, 87, 90, 94, 97], "summary": {"covered_lines": 32, "num_statements": 47, "percent_covered": 68.08510638297872, "percent_covered_display": "68", "missing_lines": 15, "excluded_lines": 0, "percent_statements_covered": 68.08510638297872, "percent_statements_covered_display": "68"}, "missing_lines": [15, 20, 26, 29, 35, 36, 38, 41, 42, 50, 52, 55, 60, 61, 62], "excluded_lines": [], "start_line": 1}}}, "src\\agents\\nodes\\__init__.py": {"executed_lines": [], "summary": {"covered_lines": 0, "num_statements": 0, "percent_covered": 100.0, "percent_covered_display": "100", "missing_lines": 0, "excluded_lines": 0, "percent_statements_covered": 100.0, "percent_statements_covered_display": "100"}, "missing_lines": [], "excluded_lines": [], "functions": {"": {"executed_lines": [], "summary": {"covered_lines": 0, "num_statements": 0, "percent_covered": 100.0, "percent_covered_display": "100", "missing_lines": 0, "excluded_lines": 0, "percent_statements_covered": 100.0, "percent_statements_covered_display": "100"}, "missing_lines": [], "excluded_lines": [], "start_line": 1}}, "classes": {"": {"executed_lines": [], "summary": {"covered_lines": 0, "num_statements": 0, "percent_covered": 100.0, "percent_covered_display": "100", "missing_lines": 0, "excluded_lines": 0, "percent_statements_covered": 100.0, "percent_statements_covered_display": "100"}, "missing_lines": [], "excluded_lines": [], "start_line": 1}}}, "src\\agents\\nodes\\analyze_node.py": {"executed_lines": [10, 11, 12, 14, 15, 16, 17, 18, 20, 23, 24, 25, 28, 30, 34, 51, 52, 53, 54, 55, 57, 58, 59, 60, 61, 62, 64, 65, 66, 68, 79, 80, 81, 83, 105, 106, 109, 112, 114, 115, 149, 152, 154, 156, 171, 173, 178, 180, 189, 191, 194, 196, 199, 200, 208, 217, 218, 219, 220, 221, 222, 223, 230, 231, 233, 234, 235, 236, 240, 242, 243, 244, 245, 246, 247, 250, 251, 253, 256, 257, 258, 259, 260, 261, 262, 263, 264, 265, 266, 267, 269, 270, 271, 274, 275, 276, 277, 279, 280, 282, 283, 284, 285, 297, 298, 303, 304, 312, 320, 322, 341, 342, 343, 344, 345, 346, 347, 348, 351, 355, 367, 368, 370, 374, 375, 376, 377, 379, 380, 381, 388, 389, 390, 391, 407], "summary": {"covered_lines": 135, "num_statements": 159, "percent_covered": 84.90566037735849, "percent_covered_display": "85", "missing_lines": 24, "excluded_lines": 0, "percent_statements_covered": 84.90566037735849, "percent_statements_covered_display": "85"}, "missing_lines": [67, 107, 201, 202, 203, 204, 205, 206, 224, 225, 227, 237, 356, 357, 358, 359, 360, 361, 362, 382, 383, 384, 385, 386], "excluded_lines": [], "functions": {"_strip_vietnamese_accents": {"executed_lines": [24, 25], "summary": {"covered_lines": 2, "num_statements": 2, "percent_covered": 100.0, "percent_covered_display": "100", "missing_lines": 0, "excluded_lines": 0, "percent_statements_covered": 100.0, "percent_statements_covered_display": "100"}, "missing_lines": [], "excluded_lines": [], "start_line": 23}, "is_general_query_heuristic": {"executed_lines": [30, 34, 51, 52, 53, 54, 55, 57, 58, 59, 60, 61, 62, 64, 65, 66, 68, 79, 80, 81, 83, 105, 106, 109], "summary": {"covered_lines": 24, "num_statements": 26, "percent_covered": 92.3076923076923, "percent_covered_display": "92", "missing_lines": 2, "excluded_lines": 0, "percent_statements_covered": 92.3076923076923, "percent_statements_covered_display": "92"}, "missing_lines": [67, 107], "excluded_lines": [], "start_line": 28}, "is_academic_query_heuristic": {"executed_lines": [114, 115, 149], "summary": {"covered_lines": 3, "num_statements": 3, "percent_covered": 100.0, "percent_covered_display": "100", "missing_lines": 0, "excluded_lines": 0, "percent_statements_covered": 100.0, "percent_statements_covered_display": "100"}, "missing_lines": [], "excluded_lines": [], "start_line": 112}, "is_academic_integrity_risk": {"executed_lines": [154, 156, 171, 173, 178, 180, 189, 191], "summary": {"covered_lines": 8, "num_statements": 8, "percent_covered": 100.0, "percent_covered_display": "100", "missing_lines": 0, "excluded_lines": 0, "percent_statements_covered": 100.0, "percent_statements_covered_display": "100"}, "missing_lines": [], "excluded_lines": [], "start_line": 152}, "classify_query_intent": {"executed_lines": [196, 199, 200, 208, 217, 218, 219, 220, 221, 222, 223], "summary": {"covered_lines": 11, "num_statements": 20, "percent_covered": 55.0, "percent_covered_display": "55", "missing_lines": 9, "excluded_lines": 0, "percent_statements_covered": 55.0, "percent_statements_covered_display": "55"}, "missing_lines": [201, 202, 203, 204, 205, 206, 224, 225, 227], "excluded_lines": [], "start_line": 194}, "safe_adispatch_custom_event": {"executed_lines": [231, 233, 234, 235, 236], "summary": {"covered_lines": 5, "num_statements": 6, "percent_covered": 83.33333333333333, "percent_covered_display": "83", "missing_lines": 1, "excluded_lines": 0, "percent_statements_covered": 83.33333333333333, "percent_statements_covered_display": "83"}, "missing_lines": [237], "excluded_lines": [], "start_line": 230}, "analyze_node": {"executed_lines": [242, 243, 244, 245, 246, 247, 250, 251, 253, 256, 257, 258, 259, 260, 261, 262, 263, 264, 265, 266, 267, 269, 270, 271, 274, 275, 276, 277, 279, 280, 282, 283, 284, 285, 297, 298, 303, 304, 312, 320, 322, 341, 342, 343, 344, 345, 346, 347, 348, 351, 355, 367, 368, 370, 374, 375, 376, 377, 379, 380, 381, 388, 389, 390, 391, 407], "summary": {"covered_lines": 66, "num_statements": 78, "percent_covered": 84.61538461538461, "percent_covered_display": "85", "missing_lines": 12, "excluded_lines": 0, "percent_statements_covered": 84.61538461538461, "percent_statements_covered_display": "85"}, "missing_lines": [356, 357, 358, 359, 360, 361, 362, 382, 383, 384, 385, 386], "excluded_lines": [], "start_line": 240}, "": {"executed_lines": [10, 11, 12, 14, 15, 16, 17, 18, 20, 23, 28, 112, 152, 194, 230, 240], "summary": {"covered_lines": 16, "num_statements": 16, "percent_covered": 100.0, "percent_covered_display": "100", "missing_lines": 0, "excluded_lines": 0, "percent_statements_covered": 100.0, "percent_statements_covered_display": "100"}, "missing_lines": [], "excluded_lines": [], "start_line": 1}}, "classes": {"": {"executed_lines": [10, 11, 12, 14, 15, 16, 17, 18, 20, 23, 24, 25, 28, 30, 34, 51, 52, 53, 54, 55, 57, 58, 59, 60, 61, 62, 64, 65, 66, 68, 79, 80, 81, 83, 105, 106, 109, 112, 114, 115, 149, 152, 154, 156, 171, 173, 178, 180, 189, 191, 194, 196, 199, 200, 208, 217, 218, 219, 220, 221, 222, 223, 230, 231, 233, 234, 235, 236, 240, 242, 243, 244, 245, 246, 247, 250, 251, 253, 256, 257, 258, 259, 260, 261, 262, 263, 264, 265, 266, 267, 269, 270, 271, 274, 275, 276, 277, 279, 280, 282, 283, 284, 285, 297, 298, 303, 304, 312, 320, 322, 341, 342, 343, 344, 345, 346, 347, 348, 351, 355, 367, 368, 370, 374, 375, 376, 377, 379, 380, 381, 388, 389, 390, 391, 407], "summary": {"covered_lines": 135, "num_statements": 159, "percent_covered": 84.90566037735849, "percent_covered_display": "85", "missing_lines": 24, "excluded_lines": 0, "percent_statements_covered": 84.90566037735849, "percent_statements_covered_display": "85"}, "missing_lines": [67, 107, 201, 202, 203, 204, 205, 206, 224, 225, 227, 237, 356, 357, 358, 359, 360, 361, 362, 382, 383, 384, 385, 386], "excluded_lines": [], "start_line": 1}}}, "src\\agents\\nodes\\example_node.py": {"executed_lines": [], "summary": {"covered_lines": 0, "num_statements": 17, "percent_covered": 0.0, "percent_covered_display": "0", "missing_lines": 17, "excluded_lines": 0, "percent_statements_covered": 0.0, "percent_statements_covered_display": "0"}, "missing_lines": [7, 9, 11, 12, 14, 17, 19, 20, 21, 24, 26, 27, 28, 30, 31, 35, 36], "excluded_lines": [], "functions": {"analyze_node": {"executed_lines": [], "summary": {"covered_lines": 0, "num_statements": 3, "percent_covered": 0.0, "percent_covered_display": "0", "missing_lines": 3, "excluded_lines": 0, "percent_statements_covered": 0.0, "percent_statements_covered_display": "0"}, "missing_lines": [19, 20, 21], "excluded_lines": [], "start_line": 17}, "respond_node": {"executed_lines": [], "summary": {"covered_lines": 0, "num_statements": 7, "percent_covered": 0.0, "percent_covered_display": "0", "missing_lines": 7, "excluded_lines": 0, "percent_statements_covered": 0.0, "percent_statements_covered_display": "0"}, "missing_lines": [26, 27, 28, 30, 31, 35, 36], "excluded_lines": [], "start_line": 24}, "": {"executed_lines": [], "summary": {"covered_lines": 0, "num_statements": 7, "percent_covered": 0.0, "percent_covered_display": "0", "missing_lines": 7, "excluded_lines": 0, "percent_statements_covered": 0.0, "percent_statements_covered_display": "0"}, "missing_lines": [7, 9, 11, 12, 14, 17, 24], "excluded_lines": [], "start_line": 1}}, "classes": {"": {"executed_lines": [], "summary": {"covered_lines": 0, "num_statements": 17, "percent_covered": 0.0, "percent_covered_display": "0", "missing_lines": 17, "excluded_lines": 0, "percent_statements_covered": 0.0, "percent_statements_covered_display": "0"}, "missing_lines": [7, 9, 11, 12, 14, 17, 19, 20, 21, 24, 26, 27, 28, 30, 31, 35, 36], "excluded_lines": [], "start_line": 1}}}, "src\\agents\\nodes\\pedagogical_reflection_node.py": {"executed_lines": [9, 10, 11, 12, 14, 15, 16, 17, 19, 21, 42, 49, 50, 52, 53, 54, 55, 59, 61, 62, 63, 64, 65, 67, 72, 73, 74, 77, 78, 79, 80, 88, 89, 92, 98, 100, 101, 102, 103, 104, 105, 108, 109, 110, 112, 113, 114, 116, 117, 118, 121, 122, 123, 125, 128, 129, 130], "summary": {"covered_lines": 57, "num_statements": 71, "percent_covered": 80.28169014084507, "percent_covered_display": "80", "missing_lines": 14, "excluded_lines": 0, "percent_statements_covered": 80.28169014084507, "percent_statements_covered_display": "80"}, "missing_lines": [56, 86, 93, 94, 95, 96, 131, 132, 133, 136, 137, 138, 139, 145], "excluded_lines": [], "functions": {"safe_adispatch_custom_event": {"executed_lines": [50, 52, 53, 54, 55], "summary": {"covered_lines": 5, "num_statements": 6, "percent_covered": 83.33333333333333, "percent_covered_display": "83", "missing_lines": 1, "excluded_lines": 0, "percent_statements_covered": 83.33333333333333, "percent_statements_covered_display": "83"}, "missing_lines": [56], "excluded_lines": [], "start_line": 49}, "pedagogical_reflection_node": {"executed_lines": [61, 62, 63, 64, 65, 67, 72, 73, 74, 77, 78, 79, 80, 88, 89, 92, 98, 100, 101, 102, 103, 104, 105, 108, 109, 110, 112, 113, 114, 116, 117, 118, 121, 122, 123, 125, 128, 129, 130], "summary": {"covered_lines": 39, "num_statements": 52, "percent_covered": 75.0, "percent_covered_display": "75", "missing_lines": 13, "excluded_lines": 0, "percent_statements_covered": 75.0, "percent_statements_covered_display": "75"}, "missing_lines": [86, 93, 94, 95, 96, 131, 132, 133, 136, 137, 138, 139, 145], "excluded_lines": [], "start_line": 59}, "": {"executed_lines": [9, 10, 11, 12, 14, 15, 16, 17, 19, 21, 42, 49, 59], "summary": {"covered_lines": 13, "num_statements": 13, "percent_covered": 100.0, "percent_covered_display": "100", "missing_lines": 0, "excluded_lines": 0, "percent_statements_covered": 100.0, "percent_statements_covered_display": "100"}, "missing_lines": [], "excluded_lines": [], "start_line": 1}}, "classes": {"": {"executed_lines": [9, 10, 11, 12, 14, 15, 16, 17, 19, 21, 42, 49, 50, 52, 53, 54, 55, 59, 61, 62, 63, 64, 65, 67, 72, 73, 74, 77, 78, 79, 80, 88, 89, 92, 98, 100, 101, 102, 103, 104, 105, 108, 109, 110, 112, 113, 114, 116, 117, 118, 121, 122, 123, 125, 128, 129, 130], "summary": {"covered_lines": 57, "num_statements": 71, "percent_covered": 80.28169014084507, "percent_covered_display": "80", "missing_lines": 14, "excluded_lines": 0, "percent_statements_covered": 80.28169014084507, "percent_statements_covered_display": "80"}, "missing_lines": [56, 86, 93, 94, 95, 96, 131, 132, 133, 136, 137, 138, 139, 145], "excluded_lines": [], "start_line": 1}}}, "src\\agents\\nodes\\respond_general_node.py": {"executed_lines": [8, 9, 11, 13, 14, 15, 16, 17, 19, 21, 34, 35, 37, 38, 39, 40, 44, 46, 47, 48, 49, 51, 52, 53, 54, 55, 56, 57, 58, 59, 61, 62, 64, 65, 66, 67, 68, 70, 72, 74, 77, 78, 79, 80, 81, 82, 83, 85, 87, 88, 89, 90, 93, 94, 95, 96, 97, 98, 99, 100, 101, 102, 104, 105, 106, 108], "summary": {"covered_lines": 66, "num_statements": 73, "percent_covered": 90.41095890410959, "percent_covered_display": "90", "missing_lines": 7, "excluded_lines": 0, "percent_statements_covered": 90.41095890410959, "percent_statements_covered_display": "90"}, "missing_lines": [41, 69, 71, 73, 109, 110, 111], "excluded_lines": [], "functions": {"safe_adispatch_custom_event": {"executed_lines": [35, 37, 38, 39, 40], "summary": {"covered_lines": 5, "num_statements": 6, "percent_covered": 83.33333333333333, "percent_covered_display": "83", "missing_lines": 1, "excluded_lines": 0, "percent_statements_covered": 83.33333333333333, "percent_statements_covered_display": "83"}, "missing_lines": [41], "excluded_lines": [], "start_line": 34}, "respond_general_node": {"executed_lines": [46, 47, 48, 49, 51, 52, 53, 54, 55, 56, 57, 58, 59, 61, 62, 64, 65, 66, 67, 68, 70, 72, 74, 77, 78, 79, 80, 81, 82, 83, 85, 87, 88, 89, 90, 93, 94, 95, 96, 97, 98, 99, 100, 101, 102, 104, 105, 106, 108], "summary": {"covered_lines": 49, "num_statements": 55, "percent_covered": 89.0909090909091, "percent_covered_display": "89", "missing_lines": 6, "excluded_lines": 0, "percent_statements_covered": 89.0909090909091, "percent_statements_covered_display": "89"}, "missing_lines": [69, 71, 73, 109, 110, 111], "excluded_lines": [], "start_line": 44}, "": {"executed_lines": [8, 9, 11, 13, 14, 15, 16, 17, 19, 21, 34, 44], "summary": {"covered_lines": 12, "num_statements": 12, "percent_covered": 100.0, "percent_covered_display": "100", "missing_lines": 0, "excluded_lines": 0, "percent_statements_covered": 100.0, "percent_statements_covered_display": "100"}, "missing_lines": [], "excluded_lines": [], "start_line": 1}}, "classes": {"": {"executed_lines": [8, 9, 11, 13, 14, 15, 16, 17, 19, 21, 34, 35, 37, 38, 39, 40, 44, 46, 47, 48, 49, 51, 52, 53, 54, 55, 56, 57, 58, 59, 61, 62, 64, 65, 66, 67, 68, 70, 72, 74, 77, 78, 79, 80, 81, 82, 83, 85, 87, 88, 89, 90, 93, 94, 95, 96, 97, 98, 99, 100, 101, 102, 104, 105, 106, 108], "summary": {"covered_lines": 66, "num_statements": 73, "percent_covered": 90.41095890410959, "percent_covered_display": "90", "missing_lines": 7, "excluded_lines": 0, "percent_statements_covered": 90.41095890410959, "percent_statements_covered_display": "90"}, "missing_lines": [41, 69, 71, 73, 109, 110, 111], "excluded_lines": [], "start_line": 1}}}, "src\\agents\\nodes\\respond_node.py": {"executed_lines": [9, 10, 12, 14, 15, 20, 21, 22, 23, 24, 26, 28, 35, 36, 38, 39, 40, 41, 45, 47, 48, 49, 51, 53, 54, 55, 58, 59, 60, 61, 62, 67, 68, 69, 70, 71, 74, 76, 78, 79, 80, 81, 82, 83, 85, 86, 87, 89, 90, 91, 92, 93, 100, 101, 105, 106, 107, 109, 110, 111, 112, 114, 116, 124, 126, 127, 128, 129, 130, 131, 132, 134, 135, 136, 137, 138, 139, 141, 142, 143, 144, 145, 152, 153, 157, 158, 159, 161, 162, 163, 164, 166, 168, 178, 183, 185, 186, 187, 188, 189, 190, 191, 192, 193, 195, 198, 199, 200, 201, 202, 203, 204, 209, 216, 217, 240, 251, 252, 253, 261, 270, 278, 280, 281, 282, 283, 284, 286, 299, 310, 311, 313, 315, 316, 317, 318, 323, 331, 332, 333, 335, 336, 337, 338, 340, 341, 348, 349, 350, 352, 353, 355, 362, 363, 364, 365, 366, 367, 368, 369, 370, 371, 372], "summary": {"covered_lines": 163, "num_statements": 213, "percent_covered": 76.52582159624413, "percent_covered_display": "77", "missing_lines": 50, "excluded_lines": 0, "percent_statements_covered": 76.52582159624413, "percent_statements_covered_display": "77"}, "missing_lines": [42, 63, 64, 72, 73, 102, 103, 154, 155, 180, 196, 218, 219, 220, 221, 227, 228, 233, 254, 262, 271, 287, 288, 289, 290, 291, 292, 293, 294, 295, 296, 297, 300, 301, 302, 303, 304, 305, 306, 307, 324, 325, 326, 327, 328, 329, 330, 378, 379, 381], "excluded_lines": [], "functions": {"safe_adispatch_custom_event": {"executed_lines": [36, 38, 39, 40, 41], "summary": {"covered_lines": 5, "num_statements": 6, "percent_covered": 83.33333333333333, "percent_covered_display": "83", "missing_lines": 1, "excluded_lines": 0, "percent_statements_covered": 83.33333333333333, "percent_statements_covered_display": "83"}, "missing_lines": [42], "excluded_lines": [], "start_line": 35}, "build_offline_response": {"executed_lines": [47, 48, 49, 51, 53, 54, 55, 58, 59, 60, 61, 62, 67, 68, 69, 70, 71, 74, 76, 78, 79, 80, 81, 82, 83, 85, 86, 87, 89, 90, 91, 92, 93, 100, 101, 105, 106, 107, 109, 110, 111, 112, 114, 116, 124, 126, 127, 128, 129, 130, 131, 132, 134, 135, 136, 137, 138, 139, 141, 142, 143, 144, 145, 152, 153, 157, 158, 159, 161, 162, 163, 164, 166, 168, 178], "summary": {"covered_lines": 75, "num_statements": 84, "percent_covered": 89.28571428571429, "percent_covered_display": "89", "missing_lines": 9, "excluded_lines": 0, "percent_statements_covered": 89.28571428571429, "percent_statements_covered_display": "89"}, "missing_lines": [63, 64, 72, 73, 102, 103, 154, 155, 180], "excluded_lines": [], "start_line": 45}, "respond_node": {"executed_lines": [185, 186, 187, 188, 189, 190, 191, 192, 193, 195, 198, 199, 200, 201, 202, 203, 204, 209, 216, 217, 240, 251, 252, 253, 261, 270, 278, 280, 281, 282, 283, 284, 286, 299, 310, 311, 313, 315, 316, 317, 318, 323, 331, 332, 333, 335, 336, 337, 338, 340, 341, 348, 349, 350, 352, 353, 355, 362, 363, 364, 365, 366, 367, 368, 369, 370, 371, 372], "summary": {"covered_lines": 68, "num_statements": 108, "percent_covered": 62.96296296296296, "percent_covered_display": "63", "missing_lines": 40, "excluded_lines": 0, "percent_statements_covered": 62.96296296296296, "percent_statements_covered_display": "63"}, "missing_lines": [196, 218, 219, 220, 221, 227, 228, 233, 254, 262, 271, 287, 288, 289, 290, 291, 292, 293, 294, 295, 296, 297, 300, 301, 302, 303, 304, 305, 306, 307, 324, 325, 326, 327, 328, 329, 330, 378, 379, 381], "excluded_lines": [], "start_line": 183}, "": {"executed_lines": [9, 10, 12, 14, 15, 20, 21, 22, 23, 24, 26, 28, 35, 45, 183], "summary": {"covered_lines": 15, "num_statements": 15, "percent_covered": 100.0, "percent_covered_display": "100", "missing_lines": 0, "excluded_lines": 0, "percent_statements_covered": 100.0, "percent_statements_covered_display": "100"}, "missing_lines": [], "excluded_lines": [], "start_line": 1}}, "classes": {"": {"executed_lines": [9, 10, 12, 14, 15, 20, 21, 22, 23, 24, 26, 28, 35, 36, 38, 39, 40, 41, 45, 47, 48, 49, 51, 53, 54, 55, 58, 59, 60, 61, 62, 67, 68, 69, 70, 71, 74, 76, 78, 79, 80, 81, 82, 83, 85, 86, 87, 89, 90, 91, 92, 93, 100, 101, 105, 106, 107, 109, 110, 111, 112, 114, 116, 124, 126, 127, 128, 129, 130, 131, 132, 134, 135, 136, 137, 138, 139, 141, 142, 143, 144, 145, 152, 153, 157, 158, 159, 161, 162, 163, 164, 166, 168, 178, 183, 185, 186, 187, 188, 189, 190, 191, 192, 193, 195, 198, 199, 200, 201, 202, 203, 204, 209, 216, 217, 240, 251, 252, 253, 261, 270, 278, 280, 281, 282, 283, 284, 286, 299, 310, 311, 313, 315, 316, 317, 318, 323, 331, 332, 333, 335, 336, 337, 338, 340, 341, 348, 349, 350, 352, 353, 355, 362, 363, 364, 365, 366, 367, 368, 369, 370, 371, 372], "summary": {"covered_lines": 163, "num_statements": 213, "percent_covered": 76.52582159624413, "percent_covered_display": "77", "missing_lines": 50, "excluded_lines": 0, "percent_statements_covered": 76.52582159624413, "percent_statements_covered_display": "77"}, "missing_lines": [42, 63, 64, 72, 73, 102, 103, 154, 155, 180, 196, 218, 219, 220, 221, 227, 228, 233, 254, 262, 271, 287, 288, 289, 290, 291, 292, 293, 294, 295, 296, 297, 300, 301, 302, 303, 304, 305, 306, 307, 324, 325, 326, 327, 328, 329, 330, 378, 379, 381], "excluded_lines": [], "start_line": 1}}}, "src\\agents\\nodes\\tutor_node.py": {"executed_lines": [], "summary": {"covered_lines": 0, "num_statements": 39, "percent_covered": 0.0, "percent_covered_display": "0", "missing_lines": 39, "excluded_lines": 0, "percent_statements_covered": 0.0, "percent_statements_covered_display": "0"}, "missing_lines": [1, 3, 4, 5, 6, 8, 12, 14, 17, 18, 21, 24, 27, 28, 30, 33, 35, 36, 37, 38, 39, 41, 42, 45, 46, 47, 54, 58, 60, 62, 65, 66, 69, 70, 71, 74, 83, 84, 85], "excluded_lines": [], "functions": {"analyze_node": {"executed_lines": [], "summary": {"covered_lines": 0, "num_statements": 8, "percent_covered": 0.0, "percent_covered_display": "0", "missing_lines": 8, "excluded_lines": 0, "percent_statements_covered": 0.0, "percent_statements_covered_display": "0"}, "missing_lines": [14, 17, 18, 21, 24, 27, 28, 30], "excluded_lines": [], "start_line": 12}, "respond_node": {"executed_lines": [], "summary": {"covered_lines": 0, "num_statements": 23, "percent_covered": 0.0, "percent_covered_display": "0", "missing_lines": 23, "excluded_lines": 0, "percent_statements_covered": 0.0, "percent_statements_covered_display": "0"}, "missing_lines": [35, 36, 37, 38, 39, 41, 42, 45, 46, 47, 54, 58, 60, 62, 65, 66, 69, 70, 71, 74, 83, 84, 85], "excluded_lines": [], "start_line": 33}, "": {"executed_lines": [], "summary": {"covered_lines": 0, "num_statements": 8, "percent_covered": 0.0, "percent_covered_display": "0", "missing_lines": 8, "excluded_lines": 0, "percent_statements_covered": 0.0, "percent_statements_covered_display": "0"}, "missing_lines": [1, 3, 4, 5, 6, 8, 12, 33], "excluded_lines": [], "start_line": 1}}, "classes": {"": {"executed_lines": [], "summary": {"covered_lines": 0, "num_statements": 39, "percent_covered": 0.0, "percent_covered_display": "0", "missing_lines": 39, "excluded_lines": 0, "percent_statements_covered": 0.0, "percent_statements_covered_display": "0"}, "missing_lines": [1, 3, 4, 5, 6, 8, 12, 14, 17, 18, 21, 24, 27, 28, 30, 33, 35, 36, 37, 38, 39, 41, 42, 45, 46, 47, 54, 58, 60, 62, 65, 66, 69, 70, 71, 74, 83, 84, 85], "excluded_lines": [], "start_line": 1}}}, "src\\agents\\state.py": {"executed_lines": [1, 3, 6, 13, 14, 15, 16, 17, 18, 19, 20, 21, 22, 23, 24, 25, 26, 27, 28, 29, 30], "summary": {"covered_lines": 21, "num_statements": 21, "percent_covered": 100.0, "percent_covered_display": "100", "missing_lines": 0, "excluded_lines": 0, "percent_statements_covered": 100.0, "percent_statements_covered_display": "100"}, "missing_lines": [], "excluded_lines": [], "functions": {"": {"executed_lines": [1, 3, 6, 13, 14, 15, 16, 17, 18, 19, 20, 21, 22, 23, 24, 25, 26, 27, 28, 29, 30], "summary": {"covered_lines": 21, "num_statements": 21, "percent_covered": 100.0, "percent_covered_display": "100", "missing_lines": 0, "excluded_lines": 0, "percent_statements_covered": 100.0, "percent_statements_covered_display": "100"}, "missing_lines": [], "excluded_lines": [], "start_line": 1}}, "classes": {"AgentState": {"executed_lines": [], "summary": {"covered_lines": 0, "num_statements": 0, "percent_covered": 100.0, "percent_covered_display": "100", "missing_lines": 0, "excluded_lines": 0, "percent_statements_covered": 100.0, "percent_statements_covered_display": "100"}, "missing_lines": [], "excluded_lines": [], "start_line": 6}, "": {"executed_lines": [1, 3, 6, 13, 14, 15, 16, 17, 18, 19, 20, 21, 22, 23, 24, 25, 26, 27, 28, 29, 30], "summary": {"covered_lines": 21, "num_statements": 21, "percent_covered": 100.0, "percent_covered_display": "100", "missing_lines": 0, "excluded_lines": 0, "percent_statements_covered": 100.0, "percent_statements_covered_display": "100"}, "missing_lines": [], "excluded_lines": [], "start_line": 1}}}, "src\\agents\\tools\\__init__.py": {"executed_lines": [1, 3], "summary": {"covered_lines": 2, "num_statements": 2, "percent_covered": 100.0, "percent_covered_display": "100", "missing_lines": 0, "excluded_lines": 0, "percent_statements_covered": 100.0, "percent_statements_covered_display": "100"}, "missing_lines": [], "excluded_lines": [], "functions": {"": {"executed_lines": [1, 3], "summary": {"covered_lines": 2, "num_statements": 2, "percent_covered": 100.0, "percent_covered_display": "100", "missing_lines": 0, "excluded_lines": 0, "percent_statements_covered": 100.0, "percent_statements_covered_display": "100"}, "missing_lines": [], "excluded_lines": [], "start_line": 1}}, "classes": {"": {"executed_lines": [1, 3], "summary": {"covered_lines": 2, "num_statements": 2, "percent_covered": 100.0, "percent_covered_display": "100", "missing_lines": 0, "excluded_lines": 0, "percent_statements_covered": 100.0, "percent_statements_covered_display": "100"}, "missing_lines": [], "excluded_lines": [], "start_line": 1}}}, "src\\agents\\tools\\tutor_tools.py": {"executed_lines": [5, 6, 7, 9, 11, 13, 16, 29, 31, 32, 33, 35, 40, 41, 42, 44, 46, 49, 50, 61, 62, 63, 64, 65, 66, 69, 70, 83, 84, 85, 87, 89, 90, 93, 95, 96, 102, 104, 106, 108], "summary": {"covered_lines": 40, "num_statements": 51, "percent_covered": 78.43137254901961, "percent_covered_display": "78", "missing_lines": 11, "excluded_lines": 0, "percent_statements_covered": 78.43137254901961, "percent_statements_covered_display": "78"}, "missing_lines": [34, 36, 37, 38, 39, 43, 101, 107, 109, 110, 111], "excluded_lines": [], "functions": {"_eval_node": {"executed_lines": [31, 32, 33, 35, 40, 41, 42, 44, 46], "summary": {"covered_lines": 9, "num_statements": 15, "percent_covered": 60.0, "percent_covered_display": "60", "missing_lines": 6, "excluded_lines": 0, "percent_statements_covered": 60.0, "percent_statements_covered_display": "60"}, "missing_lines": [34, 36, 37, 38, 39, 43], "excluded_lines": [], "start_line": 29}, "calculate": {"executed_lines": [61, 62, 63, 64, 65, 66], "summary": {"covered_lines": 6, "num_statements": 6, "percent_covered": 100.0, "percent_covered_display": "100", "missing_lines": 0, "excluded_lines": 0, "percent_statements_covered": 100.0, "percent_statements_covered_display": "100"}, "missing_lines": [], "excluded_lines": [], "start_line": 50}, "retrieve_course_material": {"executed_lines": [83, 84, 85, 87, 89, 90, 93, 95, 96, 102, 104, 106, 108], "summary": {"covered_lines": 13, "num_statements": 18, "percent_covered": 72.22222222222223, "percent_covered_display": "72", "missing_lines": 5, "excluded_lines": 0, "percent_statements_covered": 72.22222222222223, "percent_statements_covered_display": "72"}, "missing_lines": [101, 107, 109, 110, 111], "excluded_lines": [], "start_line": 70}, "": {"executed_lines": [5, 6, 7, 9, 11, 13, 16, 29, 49, 50, 69, 70], "summary": {"covered_lines": 12, "num_statements": 12, "percent_covered": 100.0, "percent_covered_display": "100", "missing_lines": 0, "excluded_lines": 0, "percent_statements_covered": 100.0, "percent_statements_covered_display": "100"}, "missing_lines": [], "excluded_lines": [], "start_line": 1}}, "classes": {"": {"executed_lines": [5, 6, 7, 9, 11, 13, 16, 29, 31, 32, 33, 35, 40, 41, 42, 44, 46, 49, 50, 61, 62, 63, 64, 65, 66, 69, 70, 83, 84, 85, 87, 89, 90, 93, 95, 96, 102, 104, 106, 108], "summary": {"covered_lines": 40, "num_statements": 51, "percent_covered": 78.43137254901961, "percent_covered_display": "78", "missing_lines": 11, "excluded_lines": 0, "percent_statements_covered": 78.43137254901961, "percent_statements_covered_display": "78"}, "missing_lines": [34, 36, 37, 38, 39, 43, 101, 107, 109, 110, 111], "excluded_lines": [], "start_line": 1}}}, "src\\api\\__init__.py": {"executed_lines": [], "summary": {"covered_lines": 0, "num_statements": 0, "percent_covered": 100.0, "percent_covered_display": "100", "missing_lines": 0, "excluded_lines": 0, "percent_statements_covered": 100.0, "percent_statements_covered_display": "100"}, "missing_lines": [], "excluded_lines": [], "functions": {"": {"executed_lines": [], "summary": {"covered_lines": 0, "num_statements": 0, "percent_covered": 100.0, "percent_covered_display": "100", "missing_lines": 0, "excluded_lines": 0, "percent_statements_covered": 100.0, "percent_statements_covered_display": "100"}, "missing_lines": [], "excluded_lines": [], "start_line": 1}}, "classes": {"": {"executed_lines": [], "summary": {"covered_lines": 0, "num_statements": 0, "percent_covered": 100.0, "percent_covered_display": "100", "missing_lines": 0, "excluded_lines": 0, "percent_statements_covered": 100.0, "percent_statements_covered_display": "100"}, "missing_lines": [], "excluded_lines": [], "start_line": 1}}}, "src\\api\\adaptive_routes.py": {"executed_lines": [1, 2, 3, 4, 5, 6, 7, 8, 9, 11, 12, 14, 24, 25, 26, 27, 28, 29, 30, 31, 32, 34, 35, 38, 44, 45, 46, 47, 50, 51, 52, 55, 56, 59, 60, 61, 62, 65, 66, 69, 70, 71, 72, 73, 74, 77, 80, 81, 82, 85, 86, 87, 89, 90, 93, 96, 97, 98, 100, 101, 104, 107, 108, 116, 119, 120, 121, 123, 124, 127, 128, 134, 135, 136, 137, 140, 141, 142, 145, 147, 148, 149, 151, 153, 170, 171, 172, 173, 176, 186, 187, 188, 189, 192, 193, 195, 196, 197, 198, 199, 200, 202, 203, 204, 205, 207, 208, 215, 216, 219, 223, 224, 225, 230, 233, 234, 235, 237, 238, 239, 243, 246, 247, 250, 251, 254, 255, 256, 269, 270, 271, 272, 273, 274, 275, 276, 278, 289, 290, 292, 295, 304, 305, 313, 315, 316, 317, 320, 321, 322, 323, 324, 327, 328, 329, 330, 331, 334, 343, 344, 351, 352, 353, 354, 357, 358, 359, 364, 368, 369, 370, 371, 372, 373, 374, 375, 376, 378, 379, 387, 390, 393, 394, 395, 396, 401, 402, 406, 409, 410, 422, 424, 425, 426, 444, 445, 447, 448, 458, 459, 460, 469, 487, 490, 491, 492, 493, 494, 497, 498, 500, 502, 503, 506, 511, 512, 513, 514, 516, 517, 518, 521, 522, 528, 551, 552, 553, 554, 555, 556, 557, 578, 587, 588, 593, 594, 599, 602, 603, 604, 606, 608, 610, 613, 620, 628, 629, 638, 640, 641, 642, 645, 646, 647, 648, 651, 652, 653, 654, 657, 658, 660, 661, 664, 665, 666, 667, 668, 671, 672, 673, 674, 678, 679, 680, 681, 684, 687, 688, 689, 690, 692, 693, 694, 697, 699, 715, 716, 719, 720, 721, 723, 744, 745, 746, 747, 748, 749, 751, 752, 765, 766, 767, 769, 770, 771, 774, 775, 776, 777, 778, 779, 780, 781, 782, 783, 802, 805, 817, 818, 819, 820, 821, 822, 830, 831, 836, 837, 838, 839, 840, 841, 844, 845, 860, 861, 881, 895, 896, 897, 898, 899, 900, 902, 903, 904, 908, 910, 911, 915, 916, 917, 918, 919, 920, 921, 922, 923, 926, 927, 936, 938, 939, 941, 942, 943, 946, 947, 955, 957, 958, 959, 962, 963, 975, 978, 979, 980, 981, 984, 985, 995, 996, 997, 998, 999, 1000, 1003, 1004, 1012, 1014, 1016, 1017, 1018, 1026, 1027, 1028, 1029, 1030, 1031, 1032, 1039, 1040, 1049, 1051, 1053, 1054, 1055, 1060, 1062, 1063, 1064, 1067, 1068, 1069, 1070, 1073, 1074, 1082, 1083, 1084, 1085, 1086, 1087, 1088, 1089, 1090, 1091, 1092, 1093, 1094, 1095, 1098, 1099, 1100, 1101, 1104, 1105, 1106, 1107, 1108, 1111, 1112, 1121, 1122, 1126, 1128, 1129, 1319, 1320, 1321, 1322, 1323, 1324, 1325, 1326, 1327, 1328, 1329, 1330, 1331, 1334, 1335, 1336, 1337, 1338, 1339, 1340, 1341, 1342, 1345, 1346, 1347, 1348, 1349, 1350, 1351, 1352, 1353, 1354, 1355, 1356, 1357, 1358, 1361, 1362, 1363, 1364, 1365, 1368, 1369, 1718, 1719, 1732, 1733, 1735, 1737, 1738, 1739, 1740, 1741, 1745, 1747, 1752, 1754, 1755, 1770, 1771, 1772, 1774], "summary": {"covered_lines": 510, "num_statements": 882, "percent_covered": 57.82312925170068, "percent_covered_display": "58", "missing_lines": 372, "excluded_lines": 0, "percent_statements_covered": 57.82312925170068, "percent_statements_covered_display": "58"}, "missing_lines": [75, 76, 91, 92, 102, 103, 154, 155, 157, 158, 159, 160, 161, 162, 163, 164, 165, 166, 167, 168, 206, 209, 210, 211, 220, 221, 222, 257, 258, 259, 260, 261, 262, 263, 264, 265, 266, 291, 296, 297, 298, 299, 300, 301, 314, 335, 345, 403, 488, 489, 545, 546, 548, 558, 559, 560, 561, 562, 563, 564, 565, 566, 567, 568, 569, 570, 571, 572, 573, 574, 575, 589, 590, 600, 605, 607, 609, 611, 621, 622, 623, 624, 625, 639, 649, 675, 724, 725, 727, 728, 729, 731, 741, 742, 753, 755, 785, 786, 787, 788, 789, 790, 791, 792, 793, 794, 795, 796, 797, 798, 799, 800, 832, 833, 834, 909, 912, 937, 940, 956, 960, 973, 974, 976, 977, 1013, 1015, 1033, 1034, 1035, 1036, 1050, 1052, 1061, 1065, 1066, 1139, 1140, 1141, 1142, 1143, 1144, 1146, 1147, 1148, 1149, 1152, 1154, 1156, 1160, 1164, 1175, 1176, 1177, 1179, 1181, 1182, 1183, 1184, 1186, 1187, 1188, 1192, 1193, 1194, 1198, 1199, 1202, 1203, 1204, 1205, 1206, 1215, 1218, 1232, 1233, 1234, 1235, 1236, 1245, 1246, 1247, 1249, 1251, 1254, 1255, 1257, 1258, 1259, 1262, 1265, 1266, 1269, 1270, 1272, 1273, 1278, 1279, 1281, 1282, 1283, 1284, 1285, 1287, 1288, 1289, 1293, 1301, 1302, 1303, 1305, 1306, 1307, 1309, 1311, 1312, 1313, 1746, 1748, 1753, 1758, 1759, 1762, 1763, 1779, 1780, 1782, 1783, 1785, 1786, 1787, 1788, 1790, 1792, 1793, 1796, 1797, 1798, 1800, 1801, 1802, 1804, 1805, 1808, 1809, 1810, 1811, 1812, 1821, 1824, 1825, 1826, 1827, 1838, 1841, 1842, 1843, 1844, 1851, 1854, 1861, 1864, 1865, 1867, 1869, 1871, 1872, 1874, 1875, 1876, 1877, 1878, 1879, 1880, 1881, 1882, 1884, 1885, 1887, 1888, 1889, 1890, 1892, 1893, 1894, 1895, 1896, 1897, 1898, 1900, 1902, 1904, 1905, 1906, 1908, 1909, 1910, 1911, 1912, 1913, 1914, 1916, 1919, 1920, 1921, 1922, 1923, 1925, 1926, 1927, 1928, 1929, 1932, 1933, 1934, 1936, 1937, 1940, 1945, 1946, 1948, 1949, 1951, 1954, 1955, 1956, 1957, 1958, 1959, 1962, 1963, 1964, 1965, 1966, 1967, 1970, 1973, 1976, 1977, 1978, 1979, 1980, 1982, 1999, 2001, 2002, 2005, 2008, 2009, 2010, 2011, 2012, 2025, 2047, 2048, 2049, 2050, 2053, 2054, 2055, 2056, 2057, 2058, 2059, 2060, 2063, 2064, 2065, 2067, 2071, 2072, 2073], "excluded_lines": [], "functions": {"get_adaptive_db": {"executed_lines": [44, 45, 46, 47], "summary": {"covered_lines": 4, "num_statements": 4, "percent_covered": 100.0, "percent_covered_display": "100", "missing_lines": 0, "excluded_lines": 0, "percent_statements_covered": 100.0, "percent_statements_covered_display": "100"}, "missing_lines": [], "excluded_lines": [], "start_line": 38}, "_get_adaptive_db_cached": {"executed_lines": [52], "summary": {"covered_lines": 1, "num_statements": 1, "percent_covered": 100.0, "percent_covered_display": "100", "missing_lines": 0, "excluded_lines": 0, "percent_statements_covered": 100.0, "percent_statements_covered_display": "100"}, "missing_lines": [], "excluded_lines": [], "start_line": 51}, "reset_adaptive_db_cache": {"executed_lines": [56], "summary": {"covered_lines": 1, "num_statements": 1, "percent_covered": 100.0, "percent_covered_display": "100", "missing_lines": 0, "excluded_lines": 0, "percent_statements_covered": 100.0, "percent_statements_covered_display": "100"}, "missing_lines": [], "excluded_lines": [], "start_line": 55}, "_get_cached_auth_user": {"executed_lines": [70, 71, 72, 73, 74, 77], "summary": {"covered_lines": 6, "num_statements": 8, "percent_covered": 75.0, "percent_covered_display": "75", "missing_lines": 2, "excluded_lines": 0, "percent_statements_covered": 75.0, "percent_statements_covered_display": "75"}, "missing_lines": [75, 76], "excluded_lines": [], "start_line": 69}, "_cache_auth_user": {"executed_lines": [81, 82], "summary": {"covered_lines": 2, "num_statements": 2, "percent_covered": 100.0, "percent_covered_display": "100", "missing_lines": 0, "excluded_lines": 0, "percent_statements_covered": 100.0, "percent_statements_covered_display": "100"}, "missing_lines": [], "excluded_lines": [], "start_line": 80}, "allow_dev_tokens": {"executed_lines": [86, 87, 89, 90, 93], "summary": {"covered_lines": 5, "num_statements": 7, "percent_covered": 71.42857142857143, "percent_covered_display": "71", "missing_lines": 2, "excluded_lines": 0, "percent_statements_covered": 71.42857142857143, "percent_statements_covered_display": "71"}, "missing_lines": [91, 92], "excluded_lines": [], "start_line": 85}, "allow_service_role_bypass": {"executed_lines": [97, 98, 100, 101, 104], "summary": {"covered_lines": 5, "num_statements": 7, "percent_covered": 71.42857142857143, "percent_covered_display": "71", "missing_lines": 2, "excluded_lines": 0, "percent_statements_covered": 71.42857142857143, "percent_statements_covered_display": "71"}, "missing_lines": [102, 103], "excluded_lines": [], "start_line": 96}, "is_adaptive_dependency_error": {"executed_lines": [108], "summary": {"covered_lines": 1, "num_statements": 1, "percent_covered": 100.0, "percent_covered_display": "100", "missing_lines": 0, "excluded_lines": 0, "percent_statements_covered": 100.0, "percent_statements_covered_display": "100"}, "missing_lines": [], "excluded_lines": [], "start_line": 107}, "get_current_user": {"executed_lines": [119, 120, 121, 123, 124, 127, 128, 134, 135, 136, 137, 140, 141, 142, 145, 147, 148, 149, 151, 153, 170, 171, 172, 173, 176, 186, 187, 188, 189, 192, 193, 195, 196, 197, 198, 199, 200, 202, 203, 204, 205, 207, 208, 215, 216, 219, 223, 224, 225, 230], "summary": {"covered_lines": 50, "num_statements": 71, "percent_covered": 70.4225352112676, "percent_covered_display": "70", "missing_lines": 21, "excluded_lines": 0, "percent_statements_covered": 70.4225352112676, "percent_statements_covered_display": "70"}, "missing_lines": [154, 155, 157, 158, 159, 160, 161, 162, 163, 164, 165, 166, 167, 168, 206, 209, 210, 211, 220, 221, 222], "excluded_lines": [], "start_line": 116}, "RoleChecker.__init__": {"executed_lines": [235], "summary": {"covered_lines": 1, "num_statements": 1, "percent_covered": 100.0, "percent_covered_display": "100", "missing_lines": 0, "excluded_lines": 0, "percent_statements_covered": 100.0, "percent_statements_covered_display": "100"}, "missing_lines": [], "excluded_lines": [], "start_line": 234}, "RoleChecker.__call__": {"executed_lines": [238, 239, 243], "summary": {"covered_lines": 3, "num_statements": 3, "percent_covered": 100.0, "percent_covered_display": "100", "missing_lines": 0, "excluded_lines": 0, "percent_statements_covered": 100.0, "percent_statements_covered_display": "100"}, "missing_lines": [], "excluded_lines": [], "start_line": 237}, "require_role": {"executed_lines": [247], "summary": {"covered_lines": 1, "num_statements": 1, "percent_covered": 100.0, "percent_covered_display": "100", "missing_lines": 0, "excluded_lines": 0, "percent_statements_covered": 100.0, "percent_statements_covered_display": "100"}, "missing_lines": [], "excluded_lines": [], "start_line": 246}, "get_current_student_id": {"executed_lines": [251], "summary": {"covered_lines": 1, "num_statements": 1, "percent_covered": 100.0, "percent_covered_display": "100", "missing_lines": 0, "excluded_lines": 0, "percent_statements_covered": 100.0, "percent_statements_covered_display": "100"}, "missing_lines": [], "excluded_lines": [], "start_line": 250}, "normalize_answer_key": {"executed_lines": [255, 256], "summary": {"covered_lines": 2, "num_statements": 12, "percent_covered": 16.666666666666668, "percent_covered_display": "17", "missing_lines": 10, "excluded_lines": 0, "percent_statements_covered": 16.666666666666668, "percent_statements_covered_display": "17"}, "missing_lines": [257, 258, 259, 260, 261, 262, 263, 264, 265, 266], "excluded_lines": [], "start_line": 254}, "build_recommend_answer_payload": {"executed_lines": [270, 271, 272, 273, 274, 275, 276, 278], "summary": {"covered_lines": 8, "num_statements": 8, "percent_covered": 100.0, "percent_covered_display": "100", "missing_lines": 0, "excluded_lines": 0, "percent_statements_covered": 100.0, "percent_statements_covered_display": "100"}, "missing_lines": [], "excluded_lines": [], "start_line": 269}, "require_teacher": {"executed_lines": [290, 292], "summary": {"covered_lines": 2, "num_statements": 3, "percent_covered": 66.66666666666667, "percent_covered_display": "67", "missing_lines": 1, "excluded_lines": 0, "percent_statements_covered": 66.66666666666667, "percent_statements_covered_display": "67"}, "missing_lines": [291], "excluded_lines": [], "start_line": 289}, "is_day_16_or_later": {"executed_lines": [], "summary": {"covered_lines": 0, "num_statements": 6, "percent_covered": 0.0, "percent_covered_display": "0", "missing_lines": 6, "excluded_lines": 0, "percent_statements_covered": 0.0, "percent_statements_covered_display": "0"}, "missing_lines": [296, 297, 298, 299, 300, 301], "excluded_lines": [], "start_line": 295}, "recommend_question": {"executed_lines": [313, 315, 316, 317, 320, 321, 322, 323, 324, 327, 328, 329, 330, 331, 334, 343, 344, 351, 352, 353, 354, 357, 358, 359, 364, 368, 369, 370, 371, 372, 373, 374, 375, 376, 378, 379, 387, 390, 393, 394, 395, 396, 401, 402, 406, 409, 410, 422, 424, 425, 426, 444, 445, 447, 448, 458, 459, 460, 469, 487, 490, 491, 492, 493, 494, 497, 498, 500, 502, 503, 506, 511, 512, 513, 514, 516, 517, 518, 521, 522, 528], "summary": {"covered_lines": 81, "num_statements": 90, "percent_covered": 90.0, "percent_covered_display": "90", "missing_lines": 9, "excluded_lines": 0, "percent_statements_covered": 90.0, "percent_statements_covered_display": "90"}, "missing_lines": [314, 335, 345, 403, 488, 489, 545, 546, 548], "excluded_lines": [], "start_line": 305}, "grade_answer": {"executed_lines": [552, 553, 554, 555, 556, 557], "summary": {"covered_lines": 6, "num_statements": 24, "percent_covered": 25.0, "percent_covered_display": "25", "missing_lines": 18, "excluded_lines": 0, "percent_statements_covered": 25.0, "percent_statements_covered_display": "25"}, "missing_lines": [558, 559, 560, 561, 562, 563, 564, 565, 566, 567, 568, 569, 570, 571, 572, 573, 574, 575], "excluded_lines": [], "start_line": 551}, "run_async_propagation": {"executed_lines": [587, 588], "summary": {"covered_lines": 2, "num_statements": 4, "percent_covered": 50.0, "percent_covered_display": "50", "missing_lines": 2, "excluded_lines": 0, "percent_statements_covered": 50.0, "percent_statements_covered_display": "50"}, "missing_lines": [589, 590], "excluded_lines": [], "start_line": 578}, "log_hint_usage": {"executed_lines": [599, 602, 603, 604, 606, 608, 610, 613, 620], "summary": {"covered_lines": 9, "num_statements": 19, "percent_covered": 47.36842105263158, "percent_covered_display": "47", "missing_lines": 10, "excluded_lines": 0, "percent_statements_covered": 47.36842105263158, "percent_statements_covered_display": "47"}, "missing_lines": [600, 605, 607, 609, 611, 621, 622, 623, 624, 625], "excluded_lines": [], "start_line": 594}, "submit_attempt": {"executed_lines": [638, 640, 641, 642, 645, 646, 647, 648, 651, 652, 653, 654, 657, 658, 660, 661, 664, 665, 666, 667, 668, 671, 672, 673, 674, 678, 679, 680, 681, 684, 687, 688, 689, 690, 692, 693, 694, 697, 699, 715, 716, 719, 720, 721, 723, 744, 745, 746, 747, 748, 749, 751, 752, 765, 766, 767, 769, 770, 771, 774, 775, 776, 777, 778, 779, 780, 781, 782, 783, 802, 805, 817, 818, 819, 820, 821, 822, 830, 831, 836, 837, 838, 839, 840, 841, 844, 845, 860, 861, 881, 895, 896, 897, 898, 899, 900, 902, 903, 904, 908, 910, 911], "summary": {"covered_lines": 102, "num_statements": 136, "percent_covered": 75.0, "percent_covered_display": "75", "missing_lines": 34, "excluded_lines": 0, "percent_statements_covered": 75.0, "percent_statements_covered_display": "75"}, "missing_lines": [639, 649, 675, 724, 725, 727, 728, 729, 731, 741, 742, 753, 755, 785, 786, 787, 788, 789, 790, 791, 792, 793, 794, 795, 796, 797, 798, 799, 800, 832, 833, 834, 909, 912], "excluded_lines": [], "start_line": 629}, "get_all_mastery": {"executed_lines": [936, 938, 939, 941, 942, 943], "summary": {"covered_lines": 6, "num_statements": 8, "percent_covered": 75.0, "percent_covered_display": "75", "missing_lines": 2, "excluded_lines": 0, "percent_statements_covered": 75.0, "percent_statements_covered_display": "75"}, "missing_lines": [937, 940], "excluded_lines": [], "start_line": 927}, "sync_mastery": {"executed_lines": [955, 957, 958, 959, 962, 963, 975, 978, 979, 980, 981], "summary": {"covered_lines": 11, "num_statements": 17, "percent_covered": 64.70588235294117, "percent_covered_display": "65", "missing_lines": 6, "excluded_lines": 0, "percent_statements_covered": 64.70588235294117, "percent_statements_covered_display": "65"}, "missing_lines": [956, 960, 973, 974, 976, 977], "excluded_lines": [], "start_line": 947}, "get_graph_relations": {"executed_lines": [995, 996, 997, 998, 999, 1000], "summary": {"covered_lines": 6, "num_statements": 6, "percent_covered": 100.0, "percent_covered_display": "100", "missing_lines": 0, "excluded_lines": 0, "percent_statements_covered": 100.0, "percent_statements_covered_display": "100"}, "missing_lines": [], "excluded_lines": [], "start_line": 985}, "create_graph_relation": {"executed_lines": [1012, 1014, 1016, 1017, 1018, 1026, 1027, 1028, 1029, 1030, 1031, 1032], "summary": {"covered_lines": 12, "num_statements": 18, "percent_covered": 66.66666666666667, "percent_covered_display": "67", "missing_lines": 6, "excluded_lines": 0, "percent_statements_covered": 66.66666666666667, "percent_statements_covered_display": "67"}, "missing_lines": [1013, 1015, 1033, 1034, 1035, 1036], "excluded_lines": [], "start_line": 1004}, "update_graph_relation": {"executed_lines": [1049, 1051, 1053, 1054, 1055, 1060, 1062, 1063, 1064, 1067, 1068, 1069, 1070], "summary": {"covered_lines": 13, "num_statements": 18, "percent_covered": 72.22222222222223, "percent_covered_display": "72", "missing_lines": 5, "excluded_lines": 0, "percent_statements_covered": 72.22222222222223, "percent_statements_covered_display": "72"}, "missing_lines": [1050, 1052, 1061, 1065, 1066], "excluded_lines": [], "start_line": 1040}, "delete_graph_relation": {"executed_lines": [1082, 1083, 1084, 1085, 1086, 1087, 1088, 1089, 1090, 1091, 1092, 1093, 1094, 1095], "summary": {"covered_lines": 14, "num_statements": 14, "percent_covered": 100.0, "percent_covered_display": "100", "missing_lines": 0, "excluded_lines": 0, "percent_statements_covered": 100.0, "percent_statements_covered_display": "100"}, "missing_lines": [], "excluded_lines": [], "start_line": 1074}, "get_class_stats_endpoint": {"executed_lines": [1121, 1122, 1126, 1128, 1129], "summary": {"covered_lines": 5, "num_statements": 86, "percent_covered": 5.813953488372093, "percent_covered_display": "6", "missing_lines": 81, "excluded_lines": 0, "percent_statements_covered": 5.813953488372093, "percent_statements_covered_display": "6"}, "missing_lines": [1139, 1140, 1141, 1142, 1143, 1144, 1146, 1147, 1148, 1149, 1152, 1154, 1156, 1160, 1164, 1175, 1176, 1177, 1179, 1181, 1182, 1183, 1184, 1186, 1187, 1188, 1192, 1193, 1194, 1198, 1199, 1202, 1203, 1204, 1205, 1206, 1215, 1218, 1232, 1233, 1234, 1235, 1236, 1245, 1246, 1247, 1249, 1251, 1254, 1255, 1257, 1258, 1259, 1262, 1265, 1266, 1269, 1270, 1272, 1273, 1278, 1279, 1281, 1282, 1283, 1284, 1285, 1287, 1288, 1289, 1293, 1301, 1302, 1303, 1305, 1306, 1307, 1309, 1311, 1312, 1313], "excluded_lines": [], "start_line": 1112}, "get_mock_backend_students": {"executed_lines": [1369], "summary": {"covered_lines": 1, "num_statements": 1, "percent_covered": 100.0, "percent_covered_display": "100", "missing_lines": 0, "excluded_lines": 0, "percent_statements_covered": 100.0, "percent_statements_covered_display": "100"}, "missing_lines": [], "excluded_lines": [], "start_line": 1368}, "get_class_insights_endpoint": {"executed_lines": [1732, 1733, 1735, 1737, 1738, 1739, 1740, 1741, 1745, 1747, 1752, 1754, 1755, 1770, 1771, 1772, 1774], "summary": {"covered_lines": 17, "num_statements": 146, "percent_covered": 11.643835616438356, "percent_covered_display": "12", "missing_lines": 129, "excluded_lines": 0, "percent_statements_covered": 11.643835616438356, "percent_statements_covered_display": "12"}, "missing_lines": [1746, 1748, 1753, 1758, 1759, 1762, 1763, 1779, 1780, 1782, 1783, 1785, 1786, 1787, 1788, 1790, 1792, 1793, 1796, 1797, 1798, 1800, 1801, 1802, 1804, 1805, 1808, 1809, 1810, 1811, 1812, 1821, 1824, 1825, 1826, 1827, 1838, 1841, 1842, 1843, 1844, 1851, 1854, 1861, 1864, 1865, 1867, 1869, 1904, 1905, 1906, 1908, 1909, 1910, 1911, 1912, 1913, 1914, 1916, 1919, 1920, 1921, 1922, 1923, 1925, 1926, 1927, 1928, 1929, 1932, 1933, 1934, 1936, 1937, 1940, 1945, 1946, 1948, 1949, 1951, 1954, 1955, 1956, 1957, 1958, 1959, 1962, 1963, 1964, 1965, 1966, 1967, 1970, 1973, 1976, 1977, 1978, 1979, 1980, 1982, 1999, 2001, 2002, 2005, 2008, 2009, 2010, 2011, 2012, 2025, 2047, 2048, 2049, 2050, 2053, 2054, 2055, 2056, 2057, 2058, 2059, 2060, 2063, 2064, 2065, 2067, 2071, 2072, 2073], "excluded_lines": [], "start_line": 1719}, "get_class_insights_endpoint._calc_streak": {"executed_lines": [], "summary": {"covered_lines": 0, "num_statements": 26, "percent_covered": 0.0, "percent_covered_display": "0", "missing_lines": 26, "excluded_lines": 0, "percent_statements_covered": 0.0, "percent_statements_covered_display": "0"}, "missing_lines": [1871, 1872, 1874, 1875, 1876, 1877, 1878, 1879, 1880, 1881, 1882, 1884, 1885, 1887, 1888, 1889, 1890, 1892, 1893, 1894, 1895, 1896, 1897, 1898, 1900, 1902], "excluded_lines": [], "start_line": 1869}, "": {"executed_lines": [1, 2, 3, 4, 5, 6, 7, 8, 9, 11, 12, 14, 24, 25, 26, 27, 28, 29, 30, 31, 32, 34, 35, 38, 50, 51, 55, 59, 60, 61, 62, 65, 66, 69, 80, 85, 96, 107, 116, 233, 234, 237, 246, 250, 254, 269, 289, 295, 304, 305, 551, 578, 593, 594, 628, 629, 915, 916, 917, 918, 919, 920, 921, 922, 923, 926, 927, 946, 947, 984, 985, 1003, 1004, 1039, 1040, 1073, 1074, 1098, 1099, 1100, 1101, 1104, 1105, 1106, 1107, 1108, 1111, 1112, 1319, 1320, 1321, 1322, 1323, 1324, 1325, 1326, 1327, 1328, 1329, 1330, 1331, 1334, 1335, 1336, 1337, 1338, 1339, 1340, 1341, 1342, 1345, 1346, 1347, 1348, 1349, 1350, 1351, 1352, 1353, 1354, 1355, 1356, 1357, 1358, 1361, 1362, 1363, 1364, 1365, 1368, 1718, 1719], "summary": {"covered_lines": 132, "num_statements": 132, "percent_covered": 100.0, "percent_covered_display": "100", "missing_lines": 0, "excluded_lines": 0, "percent_statements_covered": 100.0, "percent_statements_covered_display": "100"}, "missing_lines": [], "excluded_lines": [], "start_line": 1}}, "classes": {"AuthenticatedUser": {"executed_lines": [], "summary": {"covered_lines": 0, "num_statements": 0, "percent_covered": 100.0, "percent_covered_display": "100", "missing_lines": 0, "excluded_lines": 0, "percent_statements_covered": 100.0, "percent_statements_covered_display": "100"}, "missing_lines": [], "excluded_lines": [], "start_line": 59}, "RoleChecker": {"executed_lines": [235, 238, 239, 243], "summary": {"covered_lines": 4, "num_statements": 4, "percent_covered": 100.0, "percent_covered_display": "100", "missing_lines": 0, "excluded_lines": 0, "percent_statements_covered": 100.0, "percent_statements_covered_display": "100"}, "missing_lines": [], "excluded_lines": [], "start_line": 233}, "SyncMasteryRequest": {"executed_lines": [], "summary": {"covered_lines": 0, "num_statements": 0, "percent_covered": 100.0, "percent_covered_display": "100", "missing_lines": 0, "excluded_lines": 0, "percent_statements_covered": 100.0, "percent_statements_covered_display": "100"}, "missing_lines": [], "excluded_lines": [], "start_line": 915}, "WeakestSkillResponse": {"executed_lines": [], "summary": {"covered_lines": 0, "num_statements": 0, "percent_covered": 100.0, "percent_covered_display": "100", "missing_lines": 0, "excluded_lines": 0, "percent_statements_covered": 100.0, "percent_statements_covered_display": "100"}, "missing_lines": [], "excluded_lines": [], "start_line": 1098}, "ClassStatsResponse": {"executed_lines": [], "summary": {"covered_lines": 0, "num_statements": 0, "percent_covered": 100.0, "percent_covered_display": "100", "missing_lines": 0, "excluded_lines": 0, "percent_statements_covered": 100.0, "percent_statements_covered_display": "100"}, "missing_lines": [], "excluded_lines": [], "start_line": 1104}, "InsightSkill": {"executed_lines": [], "summary": {"covered_lines": 0, "num_statements": 0, "percent_covered": 100.0, "percent_covered_display": "100", "missing_lines": 0, "excluded_lines": 0, "percent_statements_covered": 100.0, "percent_statements_covered_display": "100"}, "missing_lines": [], "excluded_lines": [], "start_line": 1319}, "InsightAttempt": {"executed_lines": [], "summary": {"covered_lines": 0, "num_statements": 0, "percent_covered": 100.0, "percent_covered_display": "100", "missing_lines": 0, "excluded_lines": 0, "percent_statements_covered": 100.0, "percent_statements_covered_display": "100"}, "missing_lines": [], "excluded_lines": [], "start_line": 1334}, "InsightStudent": {"executed_lines": [], "summary": {"covered_lines": 0, "num_statements": 0, "percent_covered": 100.0, "percent_covered_display": "100", "missing_lines": 0, "excluded_lines": 0, "percent_statements_covered": 100.0, "percent_statements_covered_display": "100"}, "missing_lines": [], "excluded_lines": [], "start_line": 1345}, "ClassInsightsResponse": {"executed_lines": [], "summary": {"covered_lines": 0, "num_statements": 0, "percent_covered": 100.0, "percent_covered_display": "100", "missing_lines": 0, "excluded_lines": 0, "percent_statements_covered": 100.0, "percent_statements_covered_display": "100"}, "missing_lines": [], "excluded_lines": [], "start_line": 1361}, "": {"executed_lines": [1, 2, 3, 4, 5, 6, 7, 8, 9, 11, 12, 14, 24, 25, 26, 27, 28, 29, 30, 31, 32, 34, 35, 38, 44, 45, 46, 47, 50, 51, 52, 55, 56, 59, 60, 61, 62, 65, 66, 69, 70, 71, 72, 73, 74, 77, 80, 81, 82, 85, 86, 87, 89, 90, 93, 96, 97, 98, 100, 101, 104, 107, 108, 116, 119, 120, 121, 123, 124, 127, 128, 134, 135, 136, 137, 140, 141, 142, 145, 147, 148, 149, 151, 153, 170, 171, 172, 173, 176, 186, 187, 188, 189, 192, 193, 195, 196, 197, 198, 199, 200, 202, 203, 204, 205, 207, 208, 215, 216, 219, 223, 224, 225, 230, 233, 234, 237, 246, 247, 250, 251, 254, 255, 256, 269, 270, 271, 272, 273, 274, 275, 276, 278, 289, 290, 292, 295, 304, 305, 313, 315, 316, 317, 320, 321, 322, 323, 324, 327, 328, 329, 330, 331, 334, 343, 344, 351, 352, 353, 354, 357, 358, 359, 364, 368, 369, 370, 371, 372, 373, 374, 375, 376, 378, 379, 387, 390, 393, 394, 395, 396, 401, 402, 406, 409, 410, 422, 424, 425, 426, 444, 445, 447, 448, 458, 459, 460, 469, 487, 490, 491, 492, 493, 494, 497, 498, 500, 502, 503, 506, 511, 512, 513, 514, 516, 517, 518, 521, 522, 528, 551, 552, 553, 554, 555, 556, 557, 578, 587, 588, 593, 594, 599, 602, 603, 604, 606, 608, 610, 613, 620, 628, 629, 638, 640, 641, 642, 645, 646, 647, 648, 651, 652, 653, 654, 657, 658, 660, 661, 664, 665, 666, 667, 668, 671, 672, 673, 674, 678, 679, 680, 681, 684, 687, 688, 689, 690, 692, 693, 694, 697, 699, 715, 716, 719, 720, 721, 723, 744, 745, 746, 747, 748, 749, 751, 752, 765, 766, 767, 769, 770, 771, 774, 775, 776, 777, 778, 779, 780, 781, 782, 783, 802, 805, 817, 818, 819, 820, 821, 822, 830, 831, 836, 837, 838, 839, 840, 841, 844, 845, 860, 861, 881, 895, 896, 897, 898, 899, 900, 902, 903, 904, 908, 910, 911, 915, 916, 917, 918, 919, 920, 921, 922, 923, 926, 927, 936, 938, 939, 941, 942, 943, 946, 947, 955, 957, 958, 959, 962, 963, 975, 978, 979, 980, 981, 984, 985, 995, 996, 997, 998, 999, 1000, 1003, 1004, 1012, 1014, 1016, 1017, 1018, 1026, 1027, 1028, 1029, 1030, 1031, 1032, 1039, 1040, 1049, 1051, 1053, 1054, 1055, 1060, 1062, 1063, 1064, 1067, 1068, 1069, 1070, 1073, 1074, 1082, 1083, 1084, 1085, 1086, 1087, 1088, 1089, 1090, 1091, 1092, 1093, 1094, 1095, 1098, 1099, 1100, 1101, 1104, 1105, 1106, 1107, 1108, 1111, 1112, 1121, 1122, 1126, 1128, 1129, 1319, 1320, 1321, 1322, 1323, 1324, 1325, 1326, 1327, 1328, 1329, 1330, 1331, 1334, 1335, 1336, 1337, 1338, 1339, 1340, 1341, 1342, 1345, 1346, 1347, 1348, 1349, 1350, 1351, 1352, 1353, 1354, 1355, 1356, 1357, 1358, 1361, 1362, 1363, 1364, 1365, 1368, 1369, 1718, 1719, 1732, 1733, 1735, 1737, 1738, 1739, 1740, 1741, 1745, 1747, 1752, 1754, 1755, 1770, 1771, 1772, 1774], "summary": {"covered_lines": 506, "num_statements": 878, "percent_covered": 57.630979498861045, "percent_covered_display": "58", "missing_lines": 372, "excluded_lines": 0, "percent_statements_covered": 57.630979498861045, "percent_statements_covered_display": "58"}, "missing_lines": [75, 76, 91, 92, 102, 103, 154, 155, 157, 158, 159, 160, 161, 162, 163, 164, 165, 166, 167, 168, 206, 209, 210, 211, 220, 221, 222, 257, 258, 259, 260, 261, 262, 263, 264, 265, 266, 291, 296, 297, 298, 299, 300, 301, 314, 335, 345, 403, 488, 489, 545, 546, 548, 558, 559, 560, 561, 562, 563, 564, 565, 566, 567, 568, 569, 570, 571, 572, 573, 574, 575, 589, 590, 600, 605, 607, 609, 611, 621, 622, 623, 624, 625, 639, 649, 675, 724, 725, 727, 728, 729, 731, 741, 742, 753, 755, 785, 786, 787, 788, 789, 790, 791, 792, 793, 794, 795, 796, 797, 798, 799, 800, 832, 833, 834, 909, 912, 937, 940, 956, 960, 973, 974, 976, 977, 1013, 1015, 1033, 1034, 1035, 1036, 1050, 1052, 1061, 1065, 1066, 1139, 1140, 1141, 1142, 1143, 1144, 1146, 1147, 1148, 1149, 1152, 1154, 1156, 1160, 1164, 1175, 1176, 1177, 1179, 1181, 1182, 1183, 1184, 1186, 1187, 1188, 1192, 1193, 1194, 1198, 1199, 1202, 1203, 1204, 1205, 1206, 1215, 1218, 1232, 1233, 1234, 1235, 1236, 1245, 1246, 1247, 1249, 1251, 1254, 1255, 1257, 1258, 1259, 1262, 1265, 1266, 1269, 1270, 1272, 1273, 1278, 1279, 1281, 1282, 1283, 1284, 1285, 1287, 1288, 1289, 1293, 1301, 1302, 1303, 1305, 1306, 1307, 1309, 1311, 1312, 1313, 1746, 1748, 1753, 1758, 1759, 1762, 1763, 1779, 1780, 1782, 1783, 1785, 1786, 1787, 1788, 1790, 1792, 1793, 1796, 1797, 1798, 1800, 1801, 1802, 1804, 1805, 1808, 1809, 1810, 1811, 1812, 1821, 1824, 1825, 1826, 1827, 1838, 1841, 1842, 1843, 1844, 1851, 1854, 1861, 1864, 1865, 1867, 1869, 1871, 1872, 1874, 1875, 1876, 1877, 1878, 1879, 1880, 1881, 1882, 1884, 1885, 1887, 1888, 1889, 1890, 1892, 1893, 1894, 1895, 1896, 1897, 1898, 1900, 1902, 1904, 1905, 1906, 1908, 1909, 1910, 1911, 1912, 1913, 1914, 1916, 1919, 1920, 1921, 1922, 1923, 1925, 1926, 1927, 1928, 1929, 1932, 1933, 1934, 1936, 1937, 1940, 1945, 1946, 1948, 1949, 1951, 1954, 1955, 1956, 1957, 1958, 1959, 1962, 1963, 1964, 1965, 1966, 1967, 1970, 1973, 1976, 1977, 1978, 1979, 1980, 1982, 1999, 2001, 2002, 2005, 2008, 2009, 2010, 2011, 2012, 2025, 2047, 2048, 2049, 2050, 2053, 2054, 2055, 2056, 2057, 2058, 2059, 2060, 2063, 2064, 2065, 2067, 2071, 2072, 2073], "excluded_lines": [], "start_line": 1}}}, "src\\api\\admin_braintrust_routes.py": {"executed_lines": [1, 3, 4, 15, 18, 19, 24, 27, 28, 33, 36, 37, 42, 45, 46, 51, 54, 55, 60, 63, 64, 69, 72, 73, 78, 81, 82, 87], "summary": {"covered_lines": 28, "num_statements": 28, "percent_covered": 100.0, "percent_covered_display": "100", "missing_lines": 0, "excluded_lines": 0, "percent_statements_covered": 100.0, "percent_statements_covered_display": "100"}, "missing_lines": [], "excluded_lines": [], "functions": {"braintrust_summary": {"executed_lines": [24], "summary": {"covered_lines": 1, "num_statements": 1, "percent_covered": 100.0, "percent_covered_display": "100", "missing_lines": 0, "excluded_lines": 0, "percent_statements_covered": 100.0, "percent_statements_covered_display": "100"}, "missing_lines": [], "excluded_lines": [], "start_line": 19}, "braintrust_overview": {"executed_lines": [33], "summary": {"covered_lines": 1, "num_statements": 1, "percent_covered": 100.0, "percent_covered_display": "100", "missing_lines": 0, "excluded_lines": 0, "percent_statements_covered": 100.0, "percent_statements_covered_display": "100"}, "missing_lines": [], "excluded_lines": [], "start_line": 28}, "braintrust_agents": {"executed_lines": [42], "summary": {"covered_lines": 1, "num_statements": 1, "percent_covered": 100.0, "percent_covered_display": "100", "missing_lines": 0, "excluded_lines": 0, "percent_statements_covered": 100.0, "percent_statements_covered_display": "100"}, "missing_lines": [], "excluded_lines": [], "start_line": 37}, "braintrust_scores": {"executed_lines": [51], "summary": {"covered_lines": 1, "num_statements": 1, "percent_covered": 100.0, "percent_covered_display": "100", "missing_lines": 0, "excluded_lines": 0, "percent_statements_covered": 100.0, "percent_statements_covered_display": "100"}, "missing_lines": [], "excluded_lines": [], "start_line": 46}, "braintrust_errors": {"executed_lines": [60], "summary": {"covered_lines": 1, "num_statements": 1, "percent_covered": 100.0, "percent_covered_display": "100", "missing_lines": 0, "excluded_lines": 0, "percent_statements_covered": 100.0, "percent_statements_covered_display": "100"}, "missing_lines": [], "excluded_lines": [], "start_line": 55}, "braintrust_usage": {"executed_lines": [69], "summary": {"covered_lines": 1, "num_statements": 1, "percent_covered": 100.0, "percent_covered_display": "100", "missing_lines": 0, "excluded_lines": 0, "percent_statements_covered": 100.0, "percent_statements_covered_display": "100"}, "missing_lines": [], "excluded_lines": [], "start_line": 64}, "braintrust_review_queue": {"executed_lines": [78], "summary": {"covered_lines": 1, "num_statements": 1, "percent_covered": 100.0, "percent_covered_display": "100", "missing_lines": 0, "excluded_lines": 0, "percent_statements_covered": 100.0, "percent_statements_covered_display": "100"}, "missing_lines": [], "excluded_lines": [], "start_line": 73}, "braintrust_refresh": {"executed_lines": [87], "summary": {"covered_lines": 1, "num_statements": 1, "percent_covered": 100.0, "percent_covered_display": "100", "missing_lines": 0, "excluded_lines": 0, "percent_statements_covered": 100.0, "percent_statements_covered_display": "100"}, "missing_lines": [], "excluded_lines": [], "start_line": 82}, "": {"executed_lines": [1, 3, 4, 15, 18, 19, 27, 28, 36, 37, 45, 46, 54, 55, 63, 64, 72, 73, 81, 82], "summary": {"covered_lines": 20, "num_statements": 20, "percent_covered": 100.0, "percent_covered_display": "100", "missing_lines": 0, "excluded_lines": 0, "percent_statements_covered": 100.0, "percent_statements_covered_display": "100"}, "missing_lines": [], "excluded_lines": [], "start_line": 1}}, "classes": {"": {"executed_lines": [1, 3, 4, 15, 18, 19, 24, 27, 28, 33, 36, 37, 42, 45, 46, 51, 54, 55, 60, 63, 64, 69, 72, 73, 78, 81, 82, 87], "summary": {"covered_lines": 28, "num_statements": 28, "percent_covered": 100.0, "percent_covered_display": "100", "missing_lines": 0, "excluded_lines": 0, "percent_statements_covered": 100.0, "percent_statements_covered_display": "100"}, "missing_lines": [], "excluded_lines": [], "start_line": 1}}}, "src\\api\\auth_routes.py": {"executed_lines": [1, 2, 3, 5, 6, 8, 9, 11, 13, 16, 17, 18, 19, 22, 23, 24, 25, 29, 30, 35, 36, 37, 40, 41, 42, 43, 44, 45, 46, 47, 50, 51, 54, 55, 56, 57, 58, 59, 64, 65, 71, 72, 74, 75, 76, 77, 78, 81, 122, 123, 127, 128, 142, 143, 146, 147, 148, 149, 150, 151, 152, 154, 164, 165, 169, 172, 173, 175, 177, 179, 224, 225, 226, 239, 240, 243, 249, 250, 253, 255, 259, 262, 266, 267, 268, 269, 270, 272, 281, 283, 284, 285, 288, 289, 290, 291, 292, 295, 296, 300, 303, 307, 308, 309, 310, 315, 316, 331, 332, 333, 336, 337, 338, 342, 344, 351, 352, 353, 354, 355, 357, 360, 368, 369, 370, 371, 373, 374, 377, 379, 380, 381, 382, 383, 384, 385, 386, 387, 389, 390, 391, 392, 393, 394, 397, 398, 399, 400, 401, 406, 416, 417], "summary": {"covered_lines": 152, "num_statements": 187, "percent_covered": 81.28342245989305, "percent_covered_display": "81", "missing_lines": 35, "excluded_lines": 0, "percent_statements_covered": 81.28342245989305, "percent_statements_covered_display": "81"}, "missing_lines": [26, 27, 31, 32, 60, 61, 73, 82, 119, 129, 130, 131, 132, 144, 236, 244, 245, 246, 247, 256, 257, 282, 304, 311, 318, 319, 339, 375, 376, 402, 403, 404, 418, 419, 420], "excluded_lines": [], "functions": {"reset_backend_supabase_auth": {"executed_lines": [17, 18, 19], "summary": {"covered_lines": 3, "num_statements": 3, "percent_covered": 100.0, "percent_covered_display": "100", "missing_lines": 0, "excluded_lines": 0, "percent_statements_covered": 100.0, "percent_statements_covered_display": "100"}, "missing_lines": [], "excluded_lines": [], "start_line": 16}, "cleanup_partial_signup": {"executed_lines": [23, 24, 25, 29, 30], "summary": {"covered_lines": 5, "num_statements": 9, "percent_covered": 55.55555555555556, "percent_covered_display": "56", "missing_lines": 4, "excluded_lines": 0, "percent_statements_covered": 55.55555555555556, "percent_statements_covered_display": "56"}, "missing_lines": [26, 27, 31, 32], "excluded_lines": [], "start_line": 22}, "select_user_profile": {"executed_lines": [55, 56, 57, 58, 59], "summary": {"covered_lines": 5, "num_statements": 7, "percent_covered": 71.42857142857143, "percent_covered_display": "71", "missing_lines": 2, "excluded_lines": 0, "percent_statements_covered": 71.42857142857143, "percent_statements_covered_display": "71"}, "missing_lines": [60, 61], "excluded_lines": [], "start_line": 54}, "demo_flags_from_user_row": {"executed_lines": [65], "summary": {"covered_lines": 1, "num_statements": 1, "percent_covered": 100.0, "percent_covered_display": "100", "missing_lines": 0, "excluded_lines": 0, "percent_statements_covered": 100.0, "percent_statements_covered_display": "100"}, "missing_lines": [], "excluded_lines": [], "start_line": 64}, "get_user_demo_profile_flags": {"executed_lines": [72, 74, 75, 76, 77, 78], "summary": {"covered_lines": 6, "num_statements": 7, "percent_covered": 85.71428571428571, "percent_covered_display": "86", "missing_lines": 1, "excluded_lines": 0, "percent_statements_covered": 85.71428571428571, "percent_statements_covered_display": "86"}, "missing_lines": [73], "excluded_lines": [], "start_line": 71}, "get_mock_user_profile": {"executed_lines": [], "summary": {"covered_lines": 0, "num_statements": 2, "percent_covered": 0.0, "percent_covered_display": "0", "missing_lines": 2, "excluded_lines": 0, "percent_statements_covered": 0.0, "percent_statements_covered_display": "0"}, "missing_lines": [82, 119], "excluded_lines": [], "start_line": 81}, "me": {"executed_lines": [127, 128, 142, 143, 146, 147, 148, 149, 150, 151, 152, 154], "summary": {"covered_lines": 12, "num_statements": 17, "percent_covered": 70.58823529411765, "percent_covered_display": "71", "missing_lines": 5, "excluded_lines": 0, "percent_statements_covered": 70.58823529411765, "percent_statements_covered_display": "71"}, "missing_lines": [129, 130, 131, 132, 144], "excluded_lines": [], "start_line": 123}, "login": {"executed_lines": [169, 172, 173, 175, 177, 179, 224, 225, 226, 239, 240, 243, 249, 250, 253, 255, 259, 262, 266, 267, 268, 269, 270, 272, 281, 283, 284, 285], "summary": {"covered_lines": 28, "num_statements": 36, "percent_covered": 77.77777777777777, "percent_covered_display": "78", "missing_lines": 8, "excluded_lines": 0, "percent_statements_covered": 77.77777777777777, "percent_statements_covered_display": "78"}, "missing_lines": [236, 244, 245, 246, 247, 256, 257, 282], "excluded_lines": [], "start_line": 165}, "signup": {"executed_lines": [300, 303, 307, 308, 309, 310, 315, 316, 331, 332, 333, 336, 337, 338, 342, 344, 351, 352, 353, 354, 355, 357, 360, 368, 369, 370, 371, 373, 374, 377, 379, 380, 381, 382, 383, 384, 385, 386, 387, 389, 390, 391, 392, 393, 394, 397, 398, 399, 400, 401, 406, 416, 417], "summary": {"covered_lines": 53, "num_statements": 66, "percent_covered": 80.3030303030303, "percent_covered_display": "80", "missing_lines": 13, "excluded_lines": 0, "percent_statements_covered": 80.3030303030303, "percent_statements_covered_display": "80"}, "missing_lines": [304, 311, 318, 319, 339, 375, 376, 402, 403, 404, 418, 419, 420], "excluded_lines": [], "start_line": 296}, "": {"executed_lines": [1, 2, 3, 5, 6, 8, 9, 11, 13, 16, 22, 35, 36, 37, 40, 41, 42, 43, 44, 45, 46, 47, 50, 51, 54, 64, 71, 81, 122, 123, 164, 165, 288, 289, 290, 291, 292, 295, 296], "summary": {"covered_lines": 39, "num_statements": 39, "percent_covered": 100.0, "percent_covered_display": "100", "missing_lines": 0, "excluded_lines": 0, "percent_statements_covered": 100.0, "percent_statements_covered_display": "100"}, "missing_lines": [], "excluded_lines": [], "start_line": 1}}, "classes": {"LoginRequest": {"executed_lines": [], "summary": {"covered_lines": 0, "num_statements": 0, "percent_covered": 100.0, "percent_covered_display": "100", "missing_lines": 0, "excluded_lines": 0, "percent_statements_covered": 100.0, "percent_statements_covered_display": "100"}, "missing_lines": [], "excluded_lines": [], "start_line": 35}, "AuthUserResponse": {"executed_lines": [], "summary": {"covered_lines": 0, "num_statements": 0, "percent_covered": 100.0, "percent_covered_display": "100", "missing_lines": 0, "excluded_lines": 0, "percent_statements_covered": 100.0, "percent_statements_covered_display": "100"}, "missing_lines": [], "excluded_lines": [], "start_line": 40}, "SignupRequest": {"executed_lines": [], "summary": {"covered_lines": 0, "num_statements": 0, "percent_covered": 100.0, "percent_covered_display": "100", "missing_lines": 0, "excluded_lines": 0, "percent_statements_covered": 100.0, "percent_statements_covered_display": "100"}, "missing_lines": [], "excluded_lines": [], "start_line": 288}, "": {"executed_lines": [1, 2, 3, 5, 6, 8, 9, 11, 13, 16, 17, 18, 19, 22, 23, 24, 25, 29, 30, 35, 36, 37, 40, 41, 42, 43, 44, 45, 46, 47, 50, 51, 54, 55, 56, 57, 58, 59, 64, 65, 71, 72, 74, 75, 76, 77, 78, 81, 122, 123, 127, 128, 142, 143, 146, 147, 148, 149, 150, 151, 152, 154, 164, 165, 169, 172, 173, 175, 177, 179, 224, 225, 226, 239, 240, 243, 249, 250, 253, 255, 259, 262, 266, 267, 268, 269, 270, 272, 281, 283, 284, 285, 288, 289, 290, 291, 292, 295, 296, 300, 303, 307, 308, 309, 310, 315, 316, 331, 332, 333, 336, 337, 338, 342, 344, 351, 352, 353, 354, 355, 357, 360, 368, 369, 370, 371, 373, 374, 377, 379, 380, 381, 382, 383, 384, 385, 386, 387, 389, 390, 391, 392, 393, 394, 397, 398, 399, 400, 401, 406, 416, 417], "summary": {"covered_lines": 152, "num_statements": 187, "percent_covered": 81.28342245989305, "percent_covered_display": "81", "missing_lines": 35, "excluded_lines": 0, "percent_statements_covered": 81.28342245989305, "percent_statements_covered_display": "81"}, "missing_lines": [26, 27, 31, 32, 60, 61, 73, 82, 119, 129, 130, 131, 132, 144, 236, 244, 245, 246, 247, 256, 257, 282, 304, 311, 318, 319, 339, 375, 376, 402, 403, 404, 418, 419, 420], "excluded_lines": [], "start_line": 1}}}, "src\\api\\material_routes.py": {"executed_lines": [1, 2, 3, 4, 5, 6, 8, 9, 10, 12, 13, 14, 15, 20, 21, 22, 24, 26, 29, 34, 53, 72, 73, 74, 75, 76, 79, 80, 86, 87, 90, 91, 93, 100, 101, 104, 105, 110, 111, 117, 120, 121, 122, 123, 129, 130, 131, 132, 133, 136, 137, 138, 139, 141, 142, 143, 144, 146, 147, 148, 149, 152, 153, 155, 157, 160, 161, 162, 165, 166, 167, 168, 171, 173, 175, 177, 179, 183, 186, 189, 192, 195, 196, 197, 199, 216, 217, 220, 221, 230, 231, 234, 235, 237, 244, 245, 249, 250, 251, 253, 254, 255, 256, 257, 258, 263, 264, 271, 272, 276, 286, 293, 338, 339, 352, 353, 434, 435, 444, 453], "summary": {"covered_lines": 120, "num_statements": 225, "percent_covered": 53.333333333333336, "percent_covered_display": "53", "missing_lines": 105, "excluded_lines": 0, "percent_statements_covered": 53.333333333333336, "percent_statements_covered_display": "53"}, "missing_lines": [30, 31, 35, 36, 59, 60, 61, 66, 67, 69, 88, 106, 107, 125, 140, 172, 174, 176, 178, 180, 184, 185, 187, 188, 190, 191, 193, 194, 232, 259, 260, 273, 274, 295, 297, 298, 299, 301, 307, 308, 309, 310, 311, 312, 315, 316, 317, 318, 319, 321, 322, 323, 325, 327, 328, 329, 330, 333, 334, 335, 343, 344, 345, 346, 347, 348, 349, 362, 363, 364, 365, 366, 367, 368, 369, 371, 372, 373, 374, 375, 376, 378, 379, 380, 381, 382, 387, 388, 389, 390, 391, 397, 406, 407, 415, 422, 423, 424, 425, 426, 427, 428, 429, 430, 431], "excluded_lines": [], "functions": {"_rag_repository": {"executed_lines": [], "summary": {"covered_lines": 0, "num_statements": 2, "percent_covered": 0.0, "percent_covered_display": "0", "missing_lines": 2, "excluded_lines": 0, "percent_statements_covered": 0.0, "percent_statements_covered_display": "0"}, "missing_lines": [30, 31], "excluded_lines": [], "start_line": 29}, "_rag_runner": {"executed_lines": [], "summary": {"covered_lines": 0, "num_statements": 2, "percent_covered": 0.0, "percent_covered_display": "0", "missing_lines": 2, "excluded_lines": 0, "percent_statements_covered": 0.0, "percent_statements_covered_display": "0"}, "missing_lines": [35, 36], "excluded_lines": [], "start_line": 34}, "_run_uploaded_rag_ingestion": {"executed_lines": [], "summary": {"covered_lines": 0, "num_statements": 6, "percent_covered": 0.0, "percent_covered_display": "0", "missing_lines": 6, "excluded_lines": 0, "percent_statements_covered": 0.0, "percent_statements_covered_display": "0"}, "missing_lines": [59, 60, 61, 66, 67, 69], "excluded_lines": [], "start_line": 53}, "list_materials": {"executed_lines": [86, 87, 90, 91, 93, 100, 101, 104, 105, 110, 111, 117, 120, 121, 122, 123, 129, 130, 131, 132, 133, 136, 137, 138, 139, 141, 142, 143, 144, 146, 147, 148, 149, 152, 153, 155, 157, 160, 161, 162, 165, 166, 167, 168, 171, 173, 175, 177, 179, 183, 186, 189, 192, 195, 196, 197, 199, 216, 217], "summary": {"covered_lines": 59, "num_statements": 77, "percent_covered": 76.62337662337663, "percent_covered_display": "77", "missing_lines": 18, "excluded_lines": 0, "percent_statements_covered": 76.62337662337663, "percent_statements_covered_display": "77"}, "missing_lines": [88, 106, 107, 125, 140, 172, 174, 176, 178, 180, 184, 185, 187, 188, 190, 191, 193, 194], "excluded_lines": [], "start_line": 80}, "get_material_chunks": {"executed_lines": [230, 231, 234, 235, 237, 244, 245, 249, 250, 251, 253, 254, 255, 256, 257, 258, 263, 264, 271, 272, 276, 286], "summary": {"covered_lines": 22, "num_statements": 27, "percent_covered": 81.48148148148148, "percent_covered_display": "81", "missing_lines": 5, "excluded_lines": 0, "percent_statements_covered": 81.48148148148148, "percent_statements_covered_display": "81"}, "missing_lines": [232, 259, 260, 273, 274], "excluded_lines": [], "start_line": 221}, "download_and_ingest": {"executed_lines": [], "summary": {"covered_lines": 0, "num_statements": 27, "percent_covered": 0.0, "percent_covered_display": "0", "missing_lines": 27, "excluded_lines": 0, "percent_statements_covered": 0.0, "percent_statements_covered_display": "0"}, "missing_lines": [295, 297, 298, 299, 301, 307, 308, 309, 310, 311, 312, 315, 316, 317, 318, 319, 321, 322, 323, 325, 327, 328, 329, 330, 333, 334, 335], "excluded_lines": [], "start_line": 293}, "get_rag_ingestion_job": {"executed_lines": [], "summary": {"covered_lines": 0, "num_statements": 7, "percent_covered": 0.0, "percent_covered_display": "0", "missing_lines": 7, "excluded_lines": 0, "percent_statements_covered": 0.0, "percent_statements_covered_display": "0"}, "missing_lines": [343, 344, 345, 346, 347, 348, 349], "excluded_lines": [], "start_line": 339}, "upload_material": {"executed_lines": [], "summary": {"covered_lines": 0, "num_statements": 38, "percent_covered": 0.0, "percent_covered_display": "0", "missing_lines": 38, "excluded_lines": 0, "percent_statements_covered": 0.0, "percent_statements_covered_display": "0"}, "missing_lines": [362, 363, 364, 365, 366, 367, 368, 369, 371, 372, 373, 374, 375, 376, 378, 379, 380, 381, 382, 387, 388, 389, 390, 391, 397, 406, 407, 415, 422, 423, 424, 425, 426, 427, 428, 429, 430, 431], "excluded_lines": [], "start_line": 353}, "generate_quizzes": {"executed_lines": [444, 453], "summary": {"covered_lines": 2, "num_statements": 2, "percent_covered": 100.0, "percent_covered_display": "100", "missing_lines": 0, "excluded_lines": 0, "percent_statements_covered": 100.0, "percent_statements_covered_display": "100"}, "missing_lines": [], "excluded_lines": [], "start_line": 435}, "": {"executed_lines": [1, 2, 3, 4, 5, 6, 8, 9, 10, 12, 13, 14, 15, 20, 21, 22, 24, 26, 29, 34, 53, 72, 73, 74, 75, 76, 79, 80, 
[...]
45], "summary": {"covered_lines": 57, "num_statements": 134, "percent_covered": 42.53731343283582, "percent_covered_display": "43", "missing_lines": 77, "excluded_lines": 0, "percent_statements_covered": 42.53731343283582, "percent_statements_covered_display": "43"}, "missing_lines": [28, 54, 58, 59, 60, 65, 66, 76, 91, 97, 109, 110, 111, 112, 113, 114, 115, 118, 119, 129, 142, 143, 144, 145, 156, 157, 165, 171, 172, 180, 195, 198, 199, 208, 209, 216, 219, 222, 223, 231, 236, 237, 238, 239, 245, 246, 251, 252, 256, 264, 273, 281, 288, 312, 322, 323, 324, 325, 331, 332, 333, 334, 335, 338, 343, 346, 356, 357, 358, 368, 369, 370, 371, 372, 373, 379, 380], "excluded_lines": [], "functions": {"SupabaseRagRepository.__init__": {"executed_lines": [27, 29, 30, 31, 32], "summary": {"covered_lines": 5, "num_statements": 6, "percent_covered": 83.33333333333333, "percent_covered_display": "83", "missing_lines": 1, "excluded_lines": 0, "percent_statements_covered": 83.33333333333333, "percent_statements_covered_display": "83"}, "missing_lines": [28], "excluded_lines": [], "start_line": 19}, "SupabaseRagRepository._base_headers": {"executed_lines": [36], "summary": {"covered_lines": 1, "num_statements": 1, "percent_covered": 100.0, "percent_covered_display": "100", "missing_lines": 0, "excluded_lines": 0, "percent_statements_covered": 100.0, "percent_statements_covered_display": "100"}, "missing_lines": [], "excluded_lines": [], "start_line": 35}, "SupabaseRagRepository._request": {"executed_lines": [50, 51, 52, 53, 55, 56, 57, 61], "summary": {"covered_lines": 8, "num_statements": 12, "percent_covered": 66.66666666666667, "percent_covered_display": "67", "missing_lines": 4, "excluded_lines": 0, "percent_statements_covered": 66.66666666666667, "percent_statements_covered_display": "67"}, "missing_lines": [54, 58, 59, 60], "excluded_lines": [], "start_line": 42}, "SupabaseRagRepository._batches": {"executed_lines": [], "summary": {"covered_lines": 0, "num_statements": 2, "percent_covered": 0.0, "percent_covered_display": "0", "missing_lines": 2, "excluded_lines": 0, "percent_statements_covered": 0.0, "percent_statements_covered_display": "0"}, "missing_lines": [65, 66], "excluded_lines": [], "start_line": 64}, "SupabaseRagRepository.resolve_scope": {"executed_lines": [69, 75, 77, 89, 90, 94], "summary": {"covered_lines": 6, "num_statements": 8, "percent_covered": 75.0, "percent_covered_display": "75", "missing_lines": 2, "excluded_lines": 0, "percent_statements_covered": 75.0, "percent_statements_covered_display": "75"}, "missing_lines": [76, 91], "excluded_lines": [], "start_line": 68}, "SupabaseRagRepository.find_published_material": {"executed_lines": [], "summary": {"covered_lines": 0, "num_statements": 8, "percent_covered": 0.0, "percent_covered_display": "0", "missing_lines": 8, "excluded_lines": 0, "percent_statements_covered": 0.0, "percent_statements_covered_display": "0"}, "missing_lines": [97, 109, 110, 111, 112, 113, 114, 115], "excluded_lines": [], "start_line": 96}, "SupabaseRagRepository.start_ingestion": {"executed_lines": [], "summary": {"covered_lines": 0, "num_statements": 14, "percent_covered": 0.0, "percent_covered_display": "0", "missing_lines": 14, "excluded_lines": 0, "percent_statements_covered": 0.0, "percent_statements_covered_display": "0"}, "missing_lines": [118, 119, 129, 142, 143, 144, 145, 156, 157, 165, 171, 172, 180, 195], "excluded_lines": [], "start_line": 117}, "SupabaseRagRepository.update_job": {"executed_lines": [], "summary": {"covered_lines": 0, "num_statements": 2, "percent_covered": 0.0, "percent_covered_display": "0", "missing_lines": 2, "excluded_lines": 0, "percent_statements_covered": 0.0, "percent_statements_covered_display": "0"}, "missing_lines": [198, 199], "excluded_lines": [], "start_line": 197}, "SupabaseRagRepository._upload": {"executed_lines": [], "summary": {"covered_lines": 0, "num_statements": 3, "percent_covered": 0.0, "percent_covered_display": "0", "missing_lines": 3, "excluded_lines": 0, "percent_statements_covered": 0.0, "percent_statements_covered_display": "0"}, "missing_lines": [208, 209, 216], "excluded_lines": [], "start_line": 207}, "SupabaseRagRepository.upload_source": {"executed_lines": [], "summary": {"covered_lines": 0, "num_statements": 1, "percent_covered": 0.0, "percent_covered_display": "0", "missing_lines": 1, "excluded_lines": 0, "percent_statements_covered": 0.0, "percent_statements_covered_display": "0"}, "missing_lines": [219], "excluded_lines": [], "start_line": 218}, "SupabaseRagRepository.reset_draft": {"executed_lines": [], "summary": {"covered_lines": 0, "num_statements": 2, "percent_covered": 0.0, "percent_covered_display": "0", "missing_lines": 2, "excluded_lines": 0, "percent_statements_covered": 0.0, "percent_statements_covered_display": "0"}, "missing_lines": [222, 223], "excluded_lines": [], "start_line": 221}, "SupabaseRagRepository.upload_preview": {"executed_lines": [], "summary": {"covered_lines": 0, "num_statements": 1, "percent_covered": 0.0, "percent_covered_display": "0", "missing_lines": 1, "excluded_lines": 0, "percent_statements_covered": 0.0, "percent_statements_covered_display": "0"}, "missing_lines": [231], "excluded_lines": [], "start_line": 230}, "SupabaseRagRepository.insert_pages": {"executed_lines": [], "summary": {"covered_lines": 0, "num_statements": 6, "percent_covered": 0.0, "percent_covered_display": "0", "missing_lines": 6, "excluded_lines": 0, "percent_statements_covered": 0.0, "percent_statements_covered_display": "0"}, "missing_lines": [236, 237, 238, 239, 245, 246], "excluded_lines": [], "start_line": 235}, "SupabaseRagRepository.insert_chunks": {"executed_lines": [], "summary": {"covered_lines": 0, "num_statements": 3, "percent_covered": 0.0, "percent_covered_display": "0", "missing_lines": 3, "excluded_lines": 0, "percent_statements_covered": 0.0, "percent_statements_covered_display": "0"}, "missing_lines": [251, 252, 256], "excluded_lines": [], "start_line": 248}, "SupabaseRagRepository.mark_ready": {"executed_lines": [], "summary": {"covered_lines": 0, "num_statements": 1, "percent_covered": 0.0, "percent_covered_display": "0", "missing_lines": 1, "excluded_lines": 0, "percent_statements_covered": 0.0, "percent_statements_covered_display": "0"}, "missing_lines": [264], "excluded_lines": [], "start_line": 263}, "SupabaseRagRepository.publish_material": {"executed_lines": [], "summary": {"covered_lines": 0, "num_statements": 1, "percent_covered": 0.0, "percent_covered_display": "0", "missing_lines": 1, "excluded_lines": 0, "percent_statements_covered": 0.0, "percent_statements_covered_display": "0"}, "missing_lines": [273], "excluded_lines": [], "start_line": 272}, "SupabaseRagRepository.fail_ingestion": {"executed_lines": [], "summary": {"covered_lines": 0, "num_statements": 2, "percent_covered": 0.0, "percent_covered_display": "0", "missing_lines": 2, "excluded_lines": 0, "percent_statements_covered": 0.0, "percent_statements_covered_display": "0"}, "missing_lines": [281, 288], "excluded_lines": [], "start_line": 280}, "SupabaseRagRepository.create_signed_preview_url": {"executed_lines": [301, 302, 308, 309], "summary": {"covered_lines": 4, "num_statements": 4, "percent_covered": 100.0, "percent_covered_display": "100", "missing_lines": 0, "excluded_lines": 0, "percent_statements_covered": 100.0, "percent_statements_covered_display": "100"}, "missing_lines": [], "excluded_lines": [], "start_line": 300}, "SupabaseRagRepository.list_scopes": {"executed_lines": [], "summary": {"covered_lines": 0, "num_statements": 10, "percent_covered": 0.0, "percent_covered_display": "0", "missing_lines": 10, "excluded_lines": 0, "percent_statements_covered": 0.0, "percent_statements_covered_display": "0"}, "missing_lines": [312, 322, 323, 324, 325, 331, 332, 333, 334, 335], "excluded_lines": [], "start_line": 311}, "SupabaseRagRepository.get_job": {"executed_lines": [], "summary": {"covered_lines": 0, "num_statements": 2, "percent_covered": 0.0, "percent_covered_display": "0", "missing_lines": 2, "excluded_lines": 0, "percent_statements_covered": 0.0, "percent_statements_covered_display": "0"}, "missing_lines": [338, 343], "excluded_lines": [], "start_line": 337}, "SupabaseRagRepository.get_citation_page": {"executed_lines": [], "summary": {"covered_lines": 0, "num_statements": 12, "percent_covered": 0.0, "percent_covered_display": "0", "missing_lines": 12, "excluded_lines": 0, "percent_statements_covered": 0.0, "percent_statements_covered_display": "0"}, "missing_lines": [346, 356, 357, 358, 368, 369, 370, 371, 372, 373, 379, 380], "excluded_lines": [], "start_line": 345}, "": {"executed_lines": [1, 3, 4, 5, 6, 7, 9, 12, 13, 16, 19, 34, 35, 42, 63, 64, 68, 96, 117, 197, 207, 218, 221, 230, 235, 248, 263, 272, 280, 300, 311, 337, 345], "summary": {"covered_lines": 33, "num_statements": 33, "percent_covered": 100.0, "percent_covered_display": "100", "missing_lines": 0, "excluded_lines": 0, "percent_statements_covered": 100.0, "percent_statements_covered_display": "100"}, "missing_lines": [], "excluded_lines": [], "start_line": 1}}, "classes": {"SupabaseRagError": {"executed_lines": [], "summary": {"covered_lines": 0, "num_statements": 0, "percent_covered": 100.0, "percent_covered_display": "100", "missing_lines": 0, "excluded_lines": 0, "percent_statements_covered": 100.0, "percent_statements_covered_display": "100"}, "missing_lines": [], "excluded_lines": [], "start_line": 12}, "SupabaseRagRepository": {"executed_lines": [27, 29, 30, 31, 32, 36, 50, 51, 52, 53, 55, 56, 57, 61, 69, 75, 77, 89, 90, 94, 301, 302, 308, 309], "summary": {"covered_lines": 24, "num_statements": 101, "percent_covered": 23.762376237623762, "percent_covered_display": "24", "missing_lines": 77, "excluded_lines": 0, "percent_statements_covered": 23.762376237623762, "percent_statements_covered_display": "24"}, "missing_lines": [28, 54, 58, 59, 60, 65, 66, 76, 91, 97, 109, 110, 111, 112, 113, 114, 115, 118, 119, 129, 142, 143, 144, 145, 156, 157, 165, 171, 172, 180, 195, 198, 199, 208, 209, 216, 219, 222, 223, 231, 236, 237, 238, 239, 245, 246, 251, 252, 256, 264, 273, 281, 288, 312, 322, 323, 324, 325, 331, 332, 333, 334, 335, 338, 343, 346, 356, 357, 358, 368, 369, 370, 371, 372, 373, 379, 380], "excluded_lines": [], "start_line": 16}, "": {"executed_lines": [1, 3, 4, 5, 6, 7, 9, 12, 13, 16, 19, 34, 35, 42, 63, 64, 68, 96, 117, 197, 207, 218, 221, 230, 235, 248, 263, 272, 280, 300, 311, 337, 345], "summary": {"covered_lines": 33, "num_statements": 33, "percent_covered": 100.0, "percent_covered_display": "100", "missing_lines": 0, "excluded_lines": 0, "percent_statements_covered": 100.0, "percent_statements_covered_display": "100"}, "missing_lines": [], "excluded_lines": [], "start_line": 1}}}, "src\\services\\supabase_config.py": {"executed_lines": [1, 3, 4, 5, 6, 7, 9, 10, 13, 14, 15, 16, 17, 18, 21, 22, 23, 24, 25, 30, 31, 32, 34, 35, 36, 37, 38, 39, 40, 41, 42, 43, 48, 49, 52, 55, 63, 64, 65, 66, 67, 68, 69, 70, 72, 73, 74, 75, 78, 79, 80, 83, 84, 85, 86, 88, 93], "summary": {"covered_lines": 57, "num_statements": 65, "percent_covered": 87.6923076923077, "percent_covered_display": "88", "missing_lines": 8, "excluded_lines": 0, "percent_statements_covered": 87.6923076923077, "percent_statements_covered_display": "88"}, "missing_lines": [26, 27, 33, 44, 45, 81, 87, 89], "excluded_lines": [], "functions": {"_decode_jwt_payload_unverified": {"executed_lines": [22, 23, 24, 25], "summary": {"covered_lines": 4, "num_statements": 6, "percent_covered": 66.66666666666667, "percent_covered_display": "67", "missing_lines": 2, "excluded_lines": 0, "percent_statements_covered": 66.66666666666667, "percent_statements_covered_display": "67"}, "missing_lines": [26, 27], "excluded_lines": [], "start_line": 21}, "classify_supabase_key": {"executed_lines": [31, 32, 34, 35, 36, 37, 38, 39, 40, 41, 42, 43], "summary": {"covered_lines": 12, "num_statements": 15, "percent_covered": 80.0, "percent_covered_display": "80", "missing_lines": 3, "excluded_lines": 0, "percent_statements_covered": 80.0, "percent_statements_covered_display": "80"}, "missing_lines": [33, 44, 45], "excluded_lines": [], "start_line": 30}, "is_public_supabase_key": {"executed_lines": [49], "summary": {"covered_lines": 1, "num_statements": 1, "percent_covered": 100.0, "percent_covered_display": "100", "missing_lines": 0, "excluded_lines": 0, "percent_statements_covered": 100.0, "percent_statements_covered_display": "100"}, "missing_lines": [], "excluded_lines": [], "start_line": 48}, "get_backend_supabase_config": {"executed_lines": [55, 63, 64, 65, 66, 67, 68, 69, 70, 72, 73, 74, 75, 78, 79, 80, 83, 84, 85, 86, 88, 93], "summary": {"covered_lines": 22, "num_statements": 25, "percent_covered": 88.0, "percent_covered_display": "88", "missing_lines": 3, "excluded_lines": 0, "percent_statements_covered": 88.0, "percent_statements_covered_display": "88"}, "missing_lines": [81, 87, 89], "excluded_lines": [], "start_line": 52}, "": {"executed_lines": [1, 3, 4, 5, 6, 7, 9, 10, 13, 14, 15, 16, 17, 18, 21, 30, 48, 52], "summary": {"covered_lines": 18, "num_statements": 18, "percent_covered": 100.0, "percent_covered_display": "100", "missing_lines": 0, "excluded_lines": 0, "percent_statements_covered": 100.0, "percent_statements_covered_display": "100"}, "missing_lines": [], "excluded_lines": [], "start_line": 1}}, "classes": {"SupabaseBackendConfig": {"executed_lines": [], "summary": {"covered_lines": 0, "num_statements": 0, "percent_covered": 100.0, "percent_covered_display": "100", "missing_lines": 0, "excluded_lines": 0, "percent_statements_covered": 100.0, "percent_statements_covered_display": "100"}, "missing_lines": [], "excluded_lines": [], "start_line": 14}, "": {"executed_lines": [1, 3, 4, 5, 6, 7, 9, 10, 13, 14, 15, 16, 17, 18, 21, 22, 23, 24, 25, 30, 31, 32, 34, 35, 36, 37, 38, 39, 40, 41, 42, 43, 48, 49, 52, 55, 63, 64, 65, 66, 67, 68, 69, 70, 72, 73, 74, 75, 78, 79, 80, 83, 84, 85, 86, 88, 93], "summary": {"covered_lines": 57, "num_statements": 65, "percent_covered": 87.6923076923077, "percent_covered_display": "88", "missing_lines": 8, "excluded_lines": 0, "percent_statements_covered": 87.6923076923077, "percent_statements_covered_display": "88"}, "missing_lines": [26, 27, 33, 44, 45, 81, 87, 89], "excluded_lines": [], "start_line": 1}}}, "src\\services\\timing.py": {"executed_lines": [1, 3, 4, 5, 6, 8, 11, 14, 15, 16, 18, 19, 20, 21, 22, 24, 26, 27, 29, 30, 32, 33, 35, 39, 40, 41, 42, 43, 44, 46, 47, 50, 51, 52, 53, 54, 55, 56, 57, 58, 61, 62, 63, 64, 65], "summary": {"covered_lines": 45, "num_statements": 47, "percent_covered": 95.74468085106383, "percent_covered_display": "96", "missing_lines": 2, "excluded_lines": 0, "percent_statements_covered": 95.74468085106383, "percent_statements_covered_display": "96"}, "missing_lines": [36, 37], "excluded_lines": [], "functions": {"TimingCollector.__init__": {"executed_lines": [15, 16], "summary": {"covered_lines": 2, "num_statements": 2, "percent_covered": 100.0, "percent_covered_display": "100", "missing_lines": 0, "excluded_lines": 0, "percent_statements_covered": 100.0, "percent_statements_covered_display": "100"}, "missing_lines": [], "excluded_lines": [], "start_line": 14}, "TimingCollector.span": {"executed_lines": [20, 21, 22, 24], "summary": {"covered_lines": 4, "num_statements": 4, "percent_covered": 100.0, "percent_covered_display": "100", "missing_lines": 0, "excluded_lines": 0, "percent_statements_covered": 100.0, "percent_statements_covered_display": "100"}, "missing_lines": [], "excluded_lines": [], "start_line": 19}, "TimingCollector.add": {"executed_lines": [27], "summary": {"covered_lines": 1, "num_statements": 1, "percent_covered": 100.0, "percent_covered_display": "100", "missing_lines": 0, "excluded_lines": 0, "percent_statements_covered": 100.0, "percent_statements_covered_display": "100"}, "missing_lines": [], "excluded_lines": [], "start_line": 26}, "TimingCollector.mark_elapsed": {"executed_lines": [30], "summary": {"covered_lines": 1, "num_statements": 1, "percent_covered": 100.0, "percent_covered_display": "100", "missing_lines": 0, "excluded_lines": 0, "percent_statements_covered": 100.0, "percent_statements_covered_display": "100"}, "missing_lines": [], "excluded_lines": [], "start_line": 29}, "TimingCollector.elapsed_ms": {"executed_lines": [33], "summary": {"covered_lines": 1, "num_statements": 1, "percent_covered": 100.0, "percent_covered_display": "100", "missing_lines": 0, "excluded_lines": 0, "percent_statements_covered": 100.0, "percent_statements_covered_display": "100"}, "missing_lines": [], "excluded_lines": [], "start_line": 32}, "TimingCollector.ensure": {"executed_lines": [], "summary": {"covered_lines": 0, "num_statements": 2, "percent_covered": 0.0, "percent_covered_display": "0", "missing_lines": 2, "excluded_lines": 0, "percent_statements_covered": 0.0, "percent_statements_covered_display": "0"}, "missing_lines": [36, 37], "excluded_lines": [], "start_line": 35}, "TimingCollector.update": {"executed_lines": [40, 41, 42, 43, 44], "summary": {"covered_lines": 5, "num_statements": 5, "percent_covered": 100.0, "percent_covered_display": "100", "missing_lines": 0, "excluded_lines": 0, "percent_statements_covered": 100.0, "percent_statements_covered_display": "100"}, "missing_lines": [], "excluded_lines": [], "start_line": 39}, "TimingCollector.snapshot": {"executed_lines": [47], "summary": {"covered_lines": 1, "num_statements": 1, "percent_covered": 100.0, "percent_covered_display": "100", "missing_lines": 0, "excluded_lines": 0, "percent_statements_covered": 100.0, "percent_statements_covered_display": "100"}, "missing_lines": [], "excluded_lines": [], "start_line": 46}, "merge_timing_metadata": {"executed_lines": [51, 52, 53, 54, 55, 56, 57, 58], "summary": {"covered_lines": 8, "num_statements": 8, "percent_covered": 100.0, "percent_covered_display": "100", "missing_lines": 0, "excluded_lines": 0, "percent_statements_covered": 100.0, "percent_statements_covered_display": "100"}, "missing_lines": [], "excluded_lines": [], "start_line": 50}, "core_timing_metadata": {"executed_lines": [62, 63, 64, 65], "summary": {"covered_lines": 4, "num_statements": 4, "percent_covered": 100.0, "percent_covered_display": "100", "missing_lines": 0, "excluded_lines": 0, "percent_statements_covered": 100.0, "percent_statements_covered_display": "100"}, "missing_lines": [], "excluded_lines": [], "start_line": 61}, "": {"executed_lines": [1, 3, 4, 5, 6, 8, 11, 14, 18, 19, 26, 29, 32, 35, 39, 46, 50, 61], "summary": {"covered_lines": 18, "num_statements": 18, "percent_covered": 100.0, "percent_covered_display": "100", "missing_lines": 0, "excluded_lines": 0, "percent_statements_covered": 100.0, "percent_statements_covered_display": "100"}, "missing_lines": [], "excluded_lines": [], "start_line": 1}}, "classes": {"TimingCollector": {"executed_lines": [15, 16, 20, 21, 22, 24, 27, 30, 33, 40, 41, 42, 43, 44, 47], "summary": {"covered_lines": 15, "num_statements": 17, "percent_covered": 88.23529411764706, "percent_covered_display": "88", "missing_lines": 2, "excluded_lines": 0, "percent_statements_covered": 88.23529411764706, "percent_statements_covered_display": "88"}, "missing_lines": [36, 37], "excluded_lines": [], "start_line": 11}, "": {"executed_lines": [1, 3, 4, 5, 6, 8, 11, 14, 18, 19, 26, 29, 32, 35, 39, 46, 50, 51, 52, 53, 54, 55, 56, 57, 58, 61, 62, 63, 64, 65], "summary": {"covered_lines": 30, "num_statements": 30, "percent_covered": 100.0, "percent_covered_display": "100", "missing_lines": 0, "excluded_lines": 0, "percent_statements_covered": 100.0, "percent_statements_covered_display": "100"}, "missing_lines": [], "excluded_lines": [], "start_line": 1}}}}, "totals": {"covered_lines": 5902, "num_statements": 8915, "percent_covered": 66.20302860347728, "percent_covered_display": "66", "missing_lines": 3013, "excluded_lines": 32, "percent_statements_covered": 66.20302860347728, "percent_statements_covered_display": "66"}}